#
# There is insufficient memory for the Java Runtime Environment to continue.
# Native memory allocation (malloc) failed to allocate 1660816 bytes for Chunk::new
# Possible reasons:
#   The system is out of physical RAM or swap space
#   The process is running with CompressedOops enabled, and the Java Heap may be blocking the growth of the native heap
# Possible solutions:
#   Reduce memory load on the system
#   Increase physical memory or swap space
#   Check if swap backing store is full
#   Decrease Java heap size (-Xmx/-Xms)
#   Decrease number of Java threads
#   Decrease Java thread stack sizes (-Xss)
#   Set larger code cache with -XX:ReservedCodeCacheSize=
#   JVM is running with Unscaled Compressed Oops mode in which the Java heap is
#     placed in the first 4GB address space. The Java Heap base address is the
#     maximum limit for the native heap growth. Please use -XX:HeapBaseMinAddress
#     to set the Java Heap base and to place the Java Heap above 4GB virtual address.
# This output file may be truncated or incomplete.
#
#  Out of Memory Error (./open/src/hotspot/share/memory/arena.cpp:197), pid=7624, tid=11408
#
# JRE version: Java(TM) SE Runtime Environment 18.9 (11.0.11+9) (build 11.0.11+9-LTS-194)
# Java VM: Java HotSpot(TM) 64-Bit Server VM 18.9 (11.0.11+9-LTS-194, mixed mode, tiered, compressed oops, parallel gc, windows-amd64)
# No core dump will be written. Minidumps are not enabled by default on client versions of Windows
#

---------------  S U M M A R Y ------------

Command Line: --add-modules=ALL-SYSTEM --add-opens=java.base/java.util=ALL-UNNAMED --add-opens=java.base/java.lang=ALL-UNNAMED -Declipse.application=org.eclipse.jdt.ls.core.id1 -Dosgi.bundles.defaultStartLevel=4 -Declipse.product=org.eclipse.jdt.ls.core.product -Dfile.encoding=utf8 -DwatchParentProcess=false -XX:+UseParallelGC -XX:GCTimeRatio=4 -XX:AdaptiveSizePolicyWeight=90 -Dsun.zip.disableMemoryMapping=true -Xmx1G -Xms100m -javaagent:c:\Users\YUJUN\.vscode\extensions\gabrielbb.vscode-lombok-1.0.1\server\lombok.jar -Xverify:none c:\Users\YUJUN\.vscode\extensions\redhat.java-0.82.0\server\plugins\org.eclipse.equinox.launcher_1.6.300.v20210813-1054.jar -configuration c:\Users\YUJUN\AppData\Roaming\Code\User\globalStorage\redhat.java\0.82.0\config_win -data c:\Users\YUJUN\AppData\Roaming\Code\User\workspaceStorage\b085e32addfbc594a8c256f767eaed24\redhat.java\jdt_ws

Host: Intel(R) Core(TM) i5-8250U CPU @ 1.60GHz, 8 cores, 15G,  Windows 10 , 64 bit Build 19041 (10.0.19041.1202)
Time: Wed Sep 29 11:49:51 2021 대한민국 표준시 elapsed time: 11.618501 seconds (0d 0h 0m 11s)

---------------  T H R E A D  ---------------

Current thread (0x000001d5112d7800):  JavaThread "C2 CompilerThread2" daemon [_thread_in_native, id=11408, stack(0x000000a37a900000,0x000000a37aa00000)]


Current CompileTask:
C2:  11618 3368   !   4       org.eclipse.osgi.internal.loader.classpath.ClasspathManager::findClassImpl (308 bytes)

Stack: [0x000000a37a900000,0x000000a37aa00000]
Native frames: (J=compiled Java code, j=interpreted, Vv=VM code, C=native code)
V  [jvm.dll+0x616f2a]
V  [jvm.dll+0x74de7f]
V  [jvm.dll+0x74f505]
V  [jvm.dll+0x74fb83]
V  [jvm.dll+0x2436d8]
V  [jvm.dll+0xba68c]
V  [jvm.dll+0xbad8c]
V  [jvm.dll+0x3462b7]
V  [jvm.dll+0x3140c3]
V  [jvm.dll+0x31340a]
V  [jvm.dll+0x1fd045]
V  [jvm.dll+0x1fc22f]
V  [jvm.dll+0x17f0bc]
V  [jvm.dll+0x20b68c]
V  [jvm.dll+0x20978b]
V  [jvm.dll+0x7152c9]
V  [jvm.dll+0x70dfc4]
V  [jvm.dll+0x6160f6]
C  [ucrtbase.dll+0x21bb2]
C  [KERNEL32.DLL+0x17034]
C  [ntdll.dll+0x52651]


---------------  P R O C E S S  ---------------

Threads class SMR info:
_java_thread_list=0x000001d511e7eda0, length=26, elements={
0x000001d57513b000, 0x000001d57ffb7800, 0x000001d57ffc3000, 0x000001d510088000,
0x000001d57ffdd800, 0x000001d57ffdf800, 0x000001d510040800, 0x000001d510041800,
0x000001d5101d8000, 0x000001d51038c800, 0x000001d5120da000, 0x000001d511a43800,
0x000001d511a08800, 0x000001d5113e2800, 0x000001d5114a5000, 0x000001d5114e1000,
0x000001d511f00000, 0x000001d511f00800, 0x000001d51231f800, 0x000001d5122fe800,
0x000001d512647800, 0x000001d512646800, 0x000001d512645000, 0x000001d512645800,
0x000001d511663000, 0x000001d5112d7800
}

Java Threads: ( => current thread )
  0x000001d57513b000 JavaThread "main" [_thread_blocked, id=8004, stack(0x000000a378600000,0x000000a378700000)]
  0x000001d57ffb7800 JavaThread "Reference Handler" daemon [_thread_blocked, id=7696, stack(0x000000a378900000,0x000000a378a00000)]
  0x000001d57ffc3000 JavaThread "Finalizer" daemon [_thread_blocked, id=16164, stack(0x000000a378a00000,0x000000a378b00000)]
  0x000001d510088000 JavaThread "Signal Dispatcher" daemon [_thread_blocked, id=35052, stack(0x000000a378b00000,0x000000a378c00000)]
  0x000001d57ffdd800 JavaThread "Attach Listener" daemon [_thread_blocked, id=35800, stack(0x000000a378c00000,0x000000a378d00000)]
  0x000001d57ffdf800 JavaThread "C2 CompilerThread0" daemon [_thread_blocked, id=28456, stack(0x000000a378d00000,0x000000a378e00000)]
  0x000001d510040800 JavaThread "C1 CompilerThread0" daemon [_thread_blocked, id=22268, stack(0x000000a378e00000,0x000000a378f00000)]
  0x000001d510041800 JavaThread "Sweeper thread" daemon [_thread_blocked, id=24440, stack(0x000000a378f00000,0x000000a379000000)]
  0x000001d5101d8000 JavaThread "Common-Cleaner" daemon [_thread_blocked, id=31212, stack(0x000000a379000000,0x000000a379100000)]
  0x000001d51038c800 JavaThread "Service Thread" daemon [_thread_blocked, id=35356, stack(0x000000a379100000,0x000000a379200000)]
  0x000001d5120da000 JavaThread "Active Thread: Equinox Container: 261f524b-ca33-4c7b-b9de-09901e079dc9" [_thread_blocked, id=25272, stack(0x000000a379500000,0x000000a379600000)]
  0x000001d511a43800 JavaThread "Framework Event Dispatcher: Equinox Container: 261f524b-ca33-4c7b-b9de-09901e079dc9" daemon [_thread_blocked, id=19440, stack(0x000000a379800000,0x000000a379900000)]
  0x000001d511a08800 JavaThread "Start Level: Equinox Container: 261f524b-ca33-4c7b-b9de-09901e079dc9" daemon [_thread_blocked, id=12836, stack(0x000000a379900000,0x000000a379a00000)]
  0x000001d5113e2800 JavaThread "SCR Component Actor" daemon [_thread_blocked, id=17140, stack(0x000000a379a00000,0x000000a379b00000)]
  0x000001d5114a5000 JavaThread "Timer-0" daemon [_thread_blocked, id=27884, stack(0x000000a379b00000,0x000000a379c00000)]
  0x000001d5114e1000 JavaThread "Worker-JM" [_thread_blocked, id=23420, stack(0x000000a379c00000,0x000000a379d00000)]
  0x000001d511f00000 JavaThread "Worker-0" [_thread_blocked, id=26876, stack(0x000000a379f00000,0x000000a37a000000)]
  0x000001d511f00800 JavaThread "Worker-1: Repository registry initialization" [_thread_in_vm, id=25176, stack(0x000000a37a000000,0x000000a37a100000)]
  0x000001d51231f800 JavaThread "Java indexing" daemon [_thread_blocked, id=12256, stack(0x000000a37a300000,0x000000a37a400000)]
  0x000001d5122fe800 JavaThread "Bundle File Closer" daemon [_thread_blocked, id=20472, stack(0x000000a37a500000,0x000000a37a600000)]
  0x000001d512647800 JavaThread "logback configurator timer" daemon [_thread_blocked, id=32804, stack(0x000000a37a600000,0x000000a37a700000)]
  0x000001d512646800 JavaThread "pool-2-thread-1" [_thread_blocked, id=4028, stack(0x000000a37a400000,0x000000a37a500000)]
  0x000001d512645000 JavaThread "Worker-2" [_thread_blocked, id=32392, stack(0x000000a37a200000,0x000000a37a300000)]
  0x000001d512645800 JavaThread "Worker-3: Initialize Workspace" [_thread_blocked, id=30256, stack(0x000000a37a700000,0x000000a37a800000)]
  0x000001d511663000 JavaThread "C2 CompilerThread1" daemon [_thread_blocked, id=18512, stack(0x000000a37a800000,0x000000a37a900000)]
=>0x000001d5112d7800 JavaThread "C2 CompilerThread2" daemon [_thread_in_native, id=11408, stack(0x000000a37a900000,0x000000a37aa00000)]

Other Threads:
  0x000001d510030800 VMThread "VM Thread" [stack: 0x000000a378800000,0x000000a378900000] [id=4236]
  0x000001d5103ac800 WatcherThread [stack: 0x000000a379200000,0x000000a379300000] [id=20612]
  0x000001d575150000 GCTaskThread "ParGC Thread#0" [stack: 0x000000a378700000,0x000000a378800000] [id=588]
  0x000001d511ac6800 GCTaskThread "ParGC Thread#1" [stack: 0x000000a379400000,0x000000a379500000] [id=33116]
  0x000001d5115bb000 GCTaskThread "ParGC Thread#2" [stack: 0x000000a379300000,0x000000a379400000] [id=3644]
  0x000001d511d8e000 GCTaskThread "ParGC Thread#3" [stack: 0x000000a379600000,0x000000a379700000] [id=10288]
  0x000001d51173f000 GCTaskThread "ParGC Thread#4" [stack: 0x000000a379d00000,0x000000a379e00000] [id=19960]
  0x000001d51173f800 GCTaskThread "ParGC Thread#5" [stack: 0x000000a379e00000,0x000000a379f00000] [id=28076]
  0x000001d511278800 GCTaskThread "ParGC Thread#6" [stack: 0x000000a379700000,0x000000a379800000] [id=24292]
  0x000001d5111b1800 GCTaskThread "ParGC Thread#7" [stack: 0x000000a37a100000,0x000000a37a200000] [id=31392]

Threads with active compile tasks:
C2 CompilerThread0  11693 3523       4       jdk.internal.jimage.ImageLocation::getAttributeString (54 bytes)
C1 CompilerThread0  11693 3499   !   3       jdk.internal.jimage.BasicImageReader::getResourceBuffer (201 bytes)
C2 CompilerThread1  11693 3507       4       jdk.internal.jimage.BasicImageReader::getString (48 bytes)
C2 CompilerThread2  11694 3368   !   4       org.eclipse.osgi.internal.loader.classpath.ClasspathManager::findClassImpl (308 bytes)

VM state:synchronizing (normal execution)

VM Mutex/Monitor currently owned by a thread:  ([mutex/lock_event])
[0x000001d575138a60] Threads_lock - owner thread: 0x000001d510030800
[0x000001d5751383a0] Compile_lock - owner thread: 0x000001d512645800

Heap address: 0x00000000c0000000, size: 1024 MB, Compressed Oops mode: 32-bit
Narrow klass base: 0x0000000000000000, Narrow klass shift: 3
Compressed class space size: 1073741824 Address: 0x0000000100000000

Heap:
 PSYoungGen      total 24064K, used 9117K [0x00000000eab00000, 0x00000000ec700000, 0x0000000100000000)
  eden space 22528K, 34% used [0x00000000eab00000,0x00000000eb282a10,0x00000000ec100000)
  from space 1536K, 92% used [0x00000000ec180000,0x00000000ec2e4c60,0x00000000ec300000)
  to   space 3072K, 0% used [0x00000000ec400000,0x00000000ec400000,0x00000000ec700000)
 ParOldGen       total 68608K, used 13964K [0x00000000c0000000, 0x00000000c4300000, 0x00000000eab00000)
  object space 68608K, 20% used [0x00000000c0000000,0x00000000c0da3150,0x00000000c4300000)
 Metaspace       used 36459K, capacity 38742K, committed 38912K, reserved 1083392K
  class space    used 3646K, capacity 4538K, committed 4608K, reserved 1048576K

Card table byte_map: [0x000001d574b30000,0x000001d574d40000] _byte_map_base: 0x000001d574530000

Marking Bits: (ParMarkBitMap*) 0x00007ff9d30657a0
 Begin Bits: [0x000001d57d5f0000, 0x000001d57e5f0000)
 End Bits:   [0x000001d57e5f0000, 0x000001d57f5f0000)

Polling page: 0x000001d574920000

Metaspace:

Usage:
  Non-class:     33.40 MB capacity,    32.04 MB ( 96%) used,     1.28 MB (  4%) free+waste,    81.81 KB ( <1%) overhead. 
      Class:      4.43 MB capacity,     3.56 MB ( 80%) used,   850.17 KB ( 19%) free+waste,    41.00 KB ( <1%) overhead. 
       Both:     37.83 MB capacity,    35.61 MB ( 94%) used,     2.11 MB (  6%) free+waste,   122.81 KB ( <1%) overhead. 

Virtual space:
  Non-class space:       34.00 MB reserved,      33.50 MB ( 99%) committed 
      Class space:        1.00 GB reserved,       4.50 MB ( <1%) committed 
             Both:        1.03 GB reserved,      38.00 MB (  4%) committed 

Chunk freelists:
   Non-Class:  4.50 KB
       Class:  768 bytes
        Both:  5.25 KB

CodeHeap 'non-profiled nmethods': size=120000Kb used=1447Kb max_used=1447Kb free=118552Kb
 bounds [0x000001d507ad0000, 0x000001d507d40000, 0x000001d50f000000]
CodeHeap 'profiled nmethods': size=120000Kb used=7812Kb max_used=7812Kb free=112187Kb
 bounds [0x000001d5005a0000, 0x000001d500d50000, 0x000001d507ad0000]
CodeHeap 'non-nmethods': size=5760Kb used=1186Kb max_used=1222Kb free=4573Kb
 bounds [0x000001d500000000, 0x000001d500270000, 0x000001d5005a0000]
 total_blobs=4051 nmethods=3509 adapters=455
 compilation: enabled
              stopped_count=0, restarted_count=0
 full_count=0

Compilation events (10 events):
Event: 11.610 Thread 0x000001d510040800 3476       3       jdk.internal.jimage.ImageLocation::getExtension (6 bytes)
Event: 11.610 Thread 0x000001d57ffdf800 nmethod 3460 0x000001d507c37690 code [0x000001d507c37820, 0x000001d507c37b78]
Event: 11.610 Thread 0x000001d510040800 nmethod 3476 0x000001d500d22890 code [0x000001d500d22a40, 0x000001d500d22b68]
Event: 11.610 Thread 0x000001d510040800 3475       3       jdk.internal.jimage.ImageLocation::getModuleOffset (7 bytes)
Event: 11.610 Thread 0x000001d510040800 nmethod 3475 0x000001d500d22c10 code [0x000001d500d22dc0, 0x000001d500d22f08]
Event: 11.610 Thread 0x000001d510040800 3463       3       jdk.internal.jimage.ImageLocation::getFullName (109 bytes)
Event: 11.612 Thread 0x000001d510040800 nmethod 3463 0x000001d500d22f90 code [0x000001d500d23320, 0x000001d500d24508]
Event: 11.612 Thread 0x000001d510040800 3464       3       jdk.internal.jimage.ImageLocation::getExtensionOffset (7 bytes)
Event: 11.612 Thread 0x000001d510040800 nmethod 3464 0x000001d500d24b10 code [0x000001d500d24cc0, 0x000001d500d24e08]
Event: 11.612 Thread 0x000001d510040800 3477       3       jdk.internal.jimage.ImageReader$SharedImageReader::handlePackages (251 bytes)

GC Heap History (10 events):
Event: 9.653 GC heap before
{Heap before GC invocations=7 (full 1):
 PSYoungGen      total 26624K, used 26315K [0x00000000eab00000, 0x00000000ec980000, 0x0000000100000000)
  eden space 25088K, 100% used [0x00000000eab00000,0x00000000ec380000,0x00000000ec380000)
  from space 1536K, 79% used [0x00000000ec400000,0x00000000ec532f48,0x00000000ec580000)
  to   space 3072K, 0% used [0x00000000ec680000,0x00000000ec680000,0x00000000ec980000)
 ParOldGen       total 68608K, used 10191K [0x00000000c0000000, 0x00000000c4300000, 0x00000000eab00000)
  object space 68608K, 14% used [0x00000000c0000000,0x00000000c09f3cf0,0x00000000c4300000)
 Metaspace       used 27280K, capacity 29055K, committed 29312K, reserved 1075200K
  class space    used 2545K, capacity 3184K, committed 3200K, reserved 1048576K
}
Event: 9.664 GC heap after
{Heap after GC invocations=7 (full 1):
 PSYoungGen      total 27136K, used 3058K [0x00000000eab00000, 0x00000000ecb00000, 0x0000000100000000)
  eden space 24064K, 0% used [0x00000000eab00000,0x00000000eab00000,0x00000000ec280000)
  from space 3072K, 99% used [0x00000000ec680000,0x00000000ec97cb38,0x00000000ec980000)
  to   space 4096K, 0% used [0x00000000ec280000,0x00000000ec280000,0x00000000ec680000)
 ParOldGen       total 68608K, used 10512K [0x00000000c0000000, 0x00000000c4300000, 0x00000000eab00000)
  object space 68608K, 15% used [0x00000000c0000000,0x00000000c0a44148,0x00000000c4300000)
 Metaspace       used 27280K, capacity 29055K, committed 29312K, reserved 1075200K
  class space    used 2545K, capacity 3184K, committed 3200K, reserved 1048576K
}
Event: 10.307 GC heap before
{Heap before GC invocations=8 (full 1):
 PSYoungGen      total 27136K, used 27122K [0x00000000eab00000, 0x00000000ecb00000, 0x0000000100000000)
  eden space 24064K, 100% used [0x00000000eab00000,0x00000000ec280000,0x00000000ec280000)
  from space 3072K, 99% used [0x00000000ec680000,0x00000000ec97cb38,0x00000000ec980000)
  to   space 4096K, 0% used [0x00000000ec280000,0x00000000ec280000,0x00000000ec680000)
 ParOldGen       total 68608K, used 10512K [0x00000000c0000000, 0x00000000c4300000, 0x00000000eab00000)
  object space 68608K, 15% used [0x00000000c0000000,0x00000000c0a44148,0x00000000c4300000)
 Metaspace       used 30949K, capacity 33203K, committed 33280K, reserved 1079296K
  class space    used 3001K, capacity 3778K, committed 3840K, reserved 1048576K
}
Event: 10.317 GC heap after
{Heap after GC invocations=8 (full 1):
 PSYoungGen      total 27648K, used 4087K [0x00000000eab00000, 0x00000000ecb00000, 0x0000000100000000)
  eden space 23552K, 0% used [0x00000000eab00000,0x00000000eab00000,0x00000000ec200000)
  from space 4096K, 99% used [0x00000000ec280000,0x00000000ec67dcd0,0x00000000ec680000)
  to   space 4608K, 0% used [0x00000000ec680000,0x00000000ec680000,0x00000000ecb00000)
 ParOldGen       total 68608K, used 10773K [0x00000000c0000000, 0x00000000c4300000, 0x00000000eab00000)
  object space 68608K, 15% used [0x00000000c0000000,0x00000000c0a85520,0x00000000c4300000)
 Metaspace       used 30949K, capacity 33203K, committed 33280K, reserved 1079296K
  class space    used 3001K, capacity 3778K, committed 3840K, reserved 1048576K
}
Event: 10.724 GC heap before
{Heap before GC invocations=9 (full 1):
 PSYoungGen      total 27648K, used 18471K [0x00000000eab00000, 0x00000000ecb00000, 0x0000000100000000)
  eden space 23552K, 61% used [0x00000000eab00000,0x00000000eb90c268,0x00000000ec200000)
  from space 4096K, 99% used [0x00000000ec280000,0x00000000ec67dcd0,0x00000000ec680000)
  to   space 4608K, 0% used [0x00000000ec680000,0x00000000ec680000,0x00000000ecb00000)
 ParOldGen       total 68608K, used 10773K [0x00000000c0000000, 0x00000000c4300000, 0x00000000eab00000)
  object space 68608K, 15% used [0x00000000c0000000,0x00000000c0a85520,0x00000000c4300000)
 Metaspace       used 33003K, capacity 35205K, committed 35328K, reserved 1081344K
  class space    used 3252K, capacity 3995K, committed 4096K, reserved 1048576K
}
Event: 10.730 GC heap after
{Heap after GC invocations=9 (full 1):
 PSYoungGen      total 27648K, used 4584K [0x00000000eab00000, 0x00000000ecc00000, 0x0000000100000000)
  eden space 23040K, 0% used [0x00000000eab00000,0x00000000eab00000,0x00000000ec180000)
  from space 4608K, 99% used [0x00000000ec680000,0x00000000ecafa380,0x00000000ecb00000)
  to   space 5120K, 0% used [0x00000000ec180000,0x00000000ec180000,0x00000000ec680000)
 ParOldGen       total 68608K, used 10949K [0x00000000c0000000, 0x00000000c4300000, 0x00000000eab00000)
  object space 68608K, 15% used [0x00000000c0000000,0x00000000c0ab1520,0x00000000c4300000)
 Metaspace       used 33003K, capacity 35205K, committed 35328K, reserved 1081344K
  class space    used 3252K, capacity 3995K, committed 4096K, reserved 1048576K
}
Event: 10.730 GC heap before
{Heap before GC invocations=10 (full 2):
 PSYoungGen      total 27648K, used 4584K [0x00000000eab00000, 0x00000000ecc00000, 0x0000000100000000)
  eden space 23040K, 0% used [0x00000000eab00000,0x00000000eab00000,0x00000000ec180000)
  from space 4608K, 99% used [0x00000000ec680000,0x00000000ecafa380,0x00000000ecb00000)
  to   space 5120K, 0% used [0x00000000ec180000,0x00000000ec180000,0x00000000ec680000)
 ParOldGen       total 68608K, used 10949K [0x00000000c0000000, 0x00000000c4300000, 0x00000000eab00000)
  object space 68608K, 15% used [0x00000000c0000000,0x00000000c0ab1520,0x00000000c4300000)
 Metaspace       used 33003K, capacity 35205K, committed 35328K, reserved 1081344K
  class space    used 3252K, capacity 3995K, committed 4096K, reserved 1048576K
}
Event: 10.792 GC heap after
{Heap after GC invocations=10 (full 2):
 PSYoungGen      total 27648K, used 0K [0x00000000eab00000, 0x00000000ecc00000, 0x0000000100000000)
  eden space 23040K, 0% used [0x00000000eab00000,0x00000000eab00000,0x00000000ec180000)
  from space 4608K, 0% used [0x00000000ec680000,0x00000000ec680000,0x00000000ecb00000)
  to   space 5120K, 0% used [0x00000000ec180000,0x00000000ec180000,0x00000000ec680000)
 ParOldGen       total 68608K, used 13956K [0x00000000c0000000, 0x00000000c4300000, 0x00000000eab00000)
  object space 68608K, 20% used [0x00000000c0000000,0x00000000c0da1150,0x00000000c4300000)
 Metaspace       used 33003K, capacity 35205K, committed 35328K, reserved 1081344K
  class space    used 3252K, capacity 3995K, committed 4096K, reserved 1048576K
}
Event: 11.460 GC heap before
{Heap before GC invocations=11 (full 2):
 PSYoungGen      total 27648K, used 23040K [0x00000000eab00000, 0x00000000ecc00000, 0x0000000100000000)
  eden space 23040K, 100% used [0x00000000eab00000,0x00000000ec180000,0x00000000ec180000)
  from space 4608K, 0% used [0x00000000ec680000,0x00000000ec680000,0x00000000ecb00000)
  to   space 5120K, 0% used [0x00000000ec180000,0x00000000ec180000,0x00000000ec680000)
 ParOldGen       total 68608K, used 13956K [0x00000000c0000000, 0x00000000c4300000, 0x00000000eab00000)
  object space 68608K, 20% used [0x00000000c0000000,0x00000000c0da1150,0x00000000c4300000)
 Metaspace       used 35892K, capacity 38112K, committed 38272K, reserved 1083392K
  class space    used 3585K, capacity 4435K, committed 4480K, reserved 1048576K
}
Event: 11.539 GC heap after
{Heap after GC invocations=11 (full 2):
 PSYoungGen      total 24064K, used 1427K [0x00000000eab00000, 0x00000000ec700000, 0x0000000100000000)
  eden space 22528K, 0% used [0x00000000eab00000,0x00000000eab00000,0x00000000ec100000)
  from space 1536K, 92% used [0x00000000ec180000,0x00000000ec2e4c60,0x00000000ec300000)
  to   space 3072K, 0% used [0x00000000ec400000,0x00000000ec400000,0x00000000ec700000)
 ParOldGen       total 68608K, used 13964K [0x00000000c0000000, 0x00000000c4300000, 0x00000000eab00000)
  object space 68608K, 20% used [0x00000000c0000000,0x00000000c0da3150,0x00000000c4300000)
 Metaspace       used 35892K, capacity 38112K, committed 38272K, reserved 1083392K
  class space    used 3585K, capacity 4435K, committed 4480K, reserved 1048576K
}

Deoptimization events (10 events):
Event: 10.262 Thread 0x000001d57513b000 Uncommon trap: reason=unstable_if action=reinterpret pc=0x000001d507b46688 method=java.util.HashMap.getNode(ILjava/lang/Object;)Ljava/util/HashMap$Node; @ 129 c2
Event: 10.262 Thread 0x000001d57513b000 Uncommon trap: reason=bimorphic_or_optimized_type_check action=maybe_recompile pc=0x000001d507b5c008 method=java.util.HashMap.putVal(ILjava/lang/Object;Ljava/lang/Object;ZZ)Ljava/lang/Object; @ 203 c2
Event: 10.708 Thread 0x000001d512646800 Uncommon trap: reason=unstable_if action=reinterpret pc=0x000001d507b54948 method=java.net.URI$Parser.scan(IIJJ)I @ 42 c2
Event: 10.951 Thread 0x000001d512646800 Uncommon trap: reason=unstable_if action=reinterpret pc=0x000001d507c0d588 method=java.util.concurrent.locks.ReentrantLock$Sync.nonfairTryAcquire(I)Z @ 34 c2
Event: 10.951 Thread 0x000001d512646800 Uncommon trap: reason=unstable_if action=reinterpret pc=0x000001d507bec974 method=java.util.concurrent.locks.ReentrantLock$Sync.nonfairTryAcquire(I)Z @ 34 c2
Event: 10.951 Thread 0x000001d512646800 Uncommon trap: reason=unstable_if action=reinterpret pc=0x000001d507bed9f4 method=java.util.concurrent.locks.ReentrantLock$Sync.nonfairTryAcquire(I)Z @ 34 c2
Event: 10.952 Thread 0x000001d511f00000 Uncommon trap: reason=unstable_if action=reinterpret pc=0x000001d507bdb17c method=java.util.concurrent.locks.AbstractQueuedSynchronizer.release(I)Z @ 14 c2
Event: 11.457 Thread 0x000001d512646800 Uncommon trap: reason=unstable_if action=reinterpret pc=0x000001d507c1c3a8 method=com.google.gson.stream.JsonReader.doPeek()I @ 200 c2
Event: 11.541 Thread 0x000001d512645800 Uncommon trap: reason=unstable_if action=reinterpret pc=0x000001d507be50bc method=java.util.WeakHashMap.expungeStaleEntries()V @ 9 c2
Event: 11.564 Thread 0x000001d512645800 Uncommon trap: reason=profile_predicate action=maybe_recompile pc=0x000001d507c27fb0 method=java.lang.PublicMethods$MethodList.filter([Ljava/lang/reflect/Method;Ljava/lang/String;[Ljava/lang/Class;Z)Ljava/lang/PublicMethods$MethodList; @ 21 c2

Classes redefined (0 events):
No events

Internal exceptions (10 events):
Event: 9.781 Thread 0x000001d511a08800 Exception <a 'java/lang/NoSuchMethodError'{0x00000000eaeb8050}: static Lorg/eclipse/m2e/core/internal/lifecyclemapping/model/PluginExecutionMetadata;.<clinit>()V> (0x00000000eaeb8050) thrown at [./open/src/hotspot/share/prims/jni.cpp, line 1362]
Event: 9.788 Thread 0x000001d511a08800 Exception <a 'java/lang/NoSuchMethodError'{0x00000000eaf01738}: static Lorg/eclipse/m2e/core/internal/lifecyclemapping/model/PluginExecutionFilter;.<clinit>()V> (0x00000000eaf01738) thrown at [./open/src/hotspot/share/prims/jni.cpp, line 1362]
Event: 9.893 Thread 0x000001d511a08800 Exception <a 'java/io/FileNotFoundException'{0x00000000eb43cfe8}> (0x00000000eb43cfe8) thrown at [./open/src/hotspot/share/prims/jni.cpp, line 611]
Event: 9.910 Thread 0x000001d511a08800 Exception <a 'java/io/FileNotFoundException'{0x00000000eb4a8670}> (0x00000000eb4a8670) thrown at [./open/src/hotspot/share/prims/jni.cpp, line 611]
Event: 10.114 Thread 0x000001d511a08800 Implicit null exception at 0x000001d507bd01e2 to 0x000001d507bd100c
Event: 10.713 Thread 0x000001d512646800 Exception <a 'java/io/FileNotFoundException'{0x00000000eb8c1840}> (0x00000000eb8c1840) thrown at [./open/src/hotspot/share/prims/jni.cpp, line 611]
Event: 10.855 Thread 0x000001d512646800 Exception <a 'java/lang/NoSuchMethodError'{0x00000000eac854e8}: java.lang.invoke.DirectMethodHandle$Holder.invokeStatic(Ljava/lang/Object;Ljava/lang/Object;Ljava/lang/Object;Ljava/lang/Object;Ljava/lang/Object;Ljava/lang/Object;)V> (0x00000000eac854e8) th
Event: 10.958 Thread 0x000001d511f00000 Exception <a 'java/lang/NoSuchMethodError'{0x00000000eb11fe68}: org.slf4j.impl.StaticMDCBinder.getSingleton()Lorg/slf4j/impl/StaticMDCBinder;> (0x00000000eb11fe68) thrown at [./open/src/hotspot/share/interpreter/linkResolver.cpp, line 772]
Event: 11.096 Thread 0x000001d512645800 Exception <a 'java/lang/NoSuchMethodError'{0x00000000eb97c398}: java.lang.invoke.DirectMethodHandle$Holder.invokeInterface(Ljava/lang/Object;Ljava/lang/Object;)I> (0x00000000eb97c398) thrown at [./open/src/hotspot/share/interpreter/linkResolver.cpp, line 
Event: 11.098 Thread 0x000001d512645800 Exception <a 'java/lang/IncompatibleClassChangeError'{0x00000000eb97ee88}: Found class java.lang.Object, but interface was expected> (0x00000000eb97ee88) thrown at [./open/src/hotspot/share/interpreter/linkResolver.cpp, line 838]

Events (10 events):
Event: 11.564 loading class java/nio/file/FileTreeWalker
Event: 11.564 loading class java/nio/file/FileTreeWalker done
Event: 11.565 loading class java/util/RegularEnumSet$EnumSetIterator
Event: 11.565 loading class java/util/RegularEnumSet$EnumSetIterator done
Event: 11.566 loading class org/sonatype/guice/bean/locators/BeanLocator
Event: 11.566 loading class org/sonatype/guice/bean/locators/BeanLocator done
Event: 11.570 loading class java/nio/ByteBufferAsIntBufferL
Event: 11.570 loading class java/nio/ByteBufferAsIntBufferL done
Event: 11.571 loading class jdk/internal/jimage/ImageReader$Directory
Event: 11.571 loading class jdk/internal/jimage/ImageReader$Directory done


Dynamic libraries:
0x00007ff6e6be0000 - 0x00007ff6e6bef000 	C:\Program Files\Java\jdk-11.0.11\bin\java.exe
0x00007ffa3e7d0000 - 0x00007ffa3e9c5000 	C:\WINDOWS\SYSTEM32\ntdll.dll
0x00007ffa3d400000 - 0x00007ffa3d4be000 	C:\WINDOWS\System32\KERNEL32.DLL
0x00007ffa3c1c0000 - 0x00007ffa3c489000 	C:\WINDOWS\System32\KERNELBASE.dll
0x00007ffa3c680000 - 0x00007ffa3c780000 	C:\WINDOWS\System32\ucrtbase.dll
0x00007ffa128d0000 - 0x00007ffa128e8000 	C:\Program Files\Java\jdk-11.0.11\bin\jli.dll
0x00007ffa3db30000 - 0x00007ffa3dbdc000 	C:\WINDOWS\System32\ADVAPI32.dll
0x00007ffa3da90000 - 0x00007ffa3db2e000 	C:\WINDOWS\System32\msvcrt.dll
0x00007ffa3c820000 - 0x00007ffa3c8bb000 	C:\WINDOWS\System32\sechost.dll
0x00007ffa3de90000 - 0x00007ffa3dfba000 	C:\WINDOWS\System32\RPCRT4.dll
0x00007ffa3cb10000 - 0x00007ffa3ccb1000 	C:\WINDOWS\System32\USER32.dll
0x00007ffa3c190000 - 0x00007ffa3c1b2000 	C:\WINDOWS\System32\win32u.dll
0x00007ffa3de60000 - 0x00007ffa3de8b000 	C:\WINDOWS\System32\GDI32.dll
0x00007ffa3c080000 - 0x00007ffa3c18b000 	C:\WINDOWS\System32\gdi32full.dll
0x00007ffa3c780000 - 0x00007ffa3c81d000 	C:\WINDOWS\System32\msvcp_win.dll
0x00007ffa272a0000 - 0x00007ffa2753a000 	C:\WINDOWS\WinSxS\amd64_microsoft.windows.common-controls_6595b64144ccf1df_6.0.19041.1110_none_60b5254171f9507e\COMCTL32.dll
0x00007ffa118d0000 - 0x00007ffa118e5000 	C:\Program Files\Java\jdk-11.0.11\bin\VCRUNTIME140.dll
0x00007ffa2a3c0000 - 0x00007ffa2a3ca000 	C:\WINDOWS\SYSTEM32\VERSION.dll
0x00007ffa3dfc0000 - 0x00007ffa3dff0000 	C:\WINDOWS\System32\IMM32.DLL
0x00007ff9f9230000 - 0x00007ff9f92cb000 	C:\Program Files\Java\jdk-11.0.11\bin\msvcp140.dll
0x00007ff9d2620000 - 0x00007ff9d311e000 	C:\Program Files\Java\jdk-11.0.11\bin\server\jvm.dll
0x00007ffa3d4c0000 - 0x00007ffa3d4c8000 	C:\WINDOWS\System32\PSAPI.DLL
0x00007ffa27290000 - 0x00007ffa27299000 	C:\WINDOWS\SYSTEM32\WSOCK32.dll
0x00007ffa3d4d0000 - 0x00007ffa3d53b000 	C:\WINDOWS\System32\WS2_32.dll
0x00007ffa28bf0000 - 0x00007ffa28c17000 	C:\WINDOWS\SYSTEM32\WINMM.dll
0x00007ffa39df0000 - 0x00007ffa39e02000 	C:\WINDOWS\SYSTEM32\kernel.appcore.dll
0x00007ffa37a60000 - 0x00007ffa37a70000 	C:\Program Files\Java\jdk-11.0.11\bin\verify.dll
0x00007ffa36c60000 - 0x00007ffa36e44000 	C:\WINDOWS\SYSTEM32\DBGHELP.DLL
0x00007ffa26ae0000 - 0x00007ffa26b0c000 	C:\WINDOWS\SYSTEM32\dbgcore.DLL
0x00007ffa3c5f0000 - 0x00007ffa3c673000 	C:\WINDOWS\System32\bcryptPrimitives.dll
0x00007ffa0f2d0000 - 0x00007ffa0f2f8000 	C:\Program Files\Java\jdk-11.0.11\bin\java.dll
0x00007ffa33a80000 - 0x00007ffa33a8a000 	C:\Program Files\Java\jdk-11.0.11\bin\jimage.dll
0x00007ffa33220000 - 0x00007ffa3322e000 	C:\Program Files\Java\jdk-11.0.11\bin\instrument.dll
0x00007ffa04370000 - 0x00007ffa04386000 	C:\Program Files\Java\jdk-11.0.11\bin\zip.dll
0x00007ffa3ccc0000 - 0x00007ffa3d3ff000 	C:\WINDOWS\System32\SHELL32.dll
0x00007ffa39ff0000 - 0x00007ffa3a780000 	C:\WINDOWS\SYSTEM32\windows.storage.dll
0x00007ffa3d6c0000 - 0x00007ffa3da15000 	C:\WINDOWS\System32\combase.dll
0x00007ffa3b940000 - 0x00007ffa3b96c000 	C:\WINDOWS\SYSTEM32\Wldp.dll
0x00007ffa3ca40000 - 0x00007ffa3caee000 	C:\WINDOWS\System32\SHCORE.dll
0x00007ffa3c920000 - 0x00007ffa3c975000 	C:\WINDOWS\System32\shlwapi.dll
0x00007ffa3be30000 - 0x00007ffa3be4f000 	C:\WINDOWS\SYSTEM32\profapi.dll
0x00007ffa0fac0000 - 0x00007ffa0fad9000 	C:\Program Files\Java\jdk-11.0.11\bin\net.dll
0x00007ffa2d640000 - 0x00007ffa2d748000 	C:\WINDOWS\SYSTEM32\WINHTTP.dll
0x00007ffa3b6a0000 - 0x00007ffa3b70a000 	C:\WINDOWS\system32\mswsock.dll
0x00007ffa03df0000 - 0x00007ffa03e02000 	C:\Program Files\Java\jdk-11.0.11\bin\nio.dll
0x00007ffa334c0000 - 0x00007ffa334cd000 	C:\Program Files\Java\jdk-11.0.11\bin\sunmscapi.dll
0x00007ffa3c490000 - 0x00007ffa3c5e6000 	C:\WINDOWS\System32\CRYPT32.dll
0x00007ffa3b9b0000 - 0x00007ffa3b9d7000 	C:\WINDOWS\SYSTEM32\ncrypt.dll
0x00007ffa3b970000 - 0x00007ffa3b9ab000 	C:\WINDOWS\SYSTEM32\NTASN1.dll
0x00007ffa17a00000 - 0x00007ffa17a25000 	C:\Program Files\Java\jdk-11.0.11\bin\sunec.dll
0x00007ffa3b8a0000 - 0x00007ffa3b8b8000 	C:\WINDOWS\SYSTEM32\CRYPTSP.dll
0x00007ffa3af50000 - 0x00007ffa3af84000 	C:\WINDOWS\system32\rsaenh.dll
0x00007ffa3bff0000 - 0x00007ffa3c017000 	C:\WINDOWS\System32\bcrypt.dll
0x00007ffa3bdb0000 - 0x00007ffa3bdde000 	C:\WINDOWS\SYSTEM32\USERENV.dll
0x00007ffa3b890000 - 0x00007ffa3b89c000 	C:\WINDOWS\SYSTEM32\CRYPTBASE.dll
0x00007ffa3b320000 - 0x00007ffa3b35b000 	C:\WINDOWS\SYSTEM32\IPHLPAPI.DLL
0x00007ffa3c980000 - 0x00007ffa3c988000 	C:\WINDOWS\System32\NSI.dll
0x00007ffa32ae0000 - 0x00007ffa32af7000 	C:\WINDOWS\SYSTEM32\dhcpcsvc6.DLL
0x00007ffa32ac0000 - 0x00007ffa32add000 	C:\WINDOWS\SYSTEM32\dhcpcsvc.DLL
0x00007ffa3b360000 - 0x00007ffa3b42c000 	C:\WINDOWS\SYSTEM32\DNSAPI.dll
0x00007ffa341f0000 - 0x00007ffa3422e000 	C:\Users\YUJUN\AppData\Roaming\Code\User\globalStorage\redhat.java\0.82.0\config_win\org.eclipse.equinox.launcher\org.eclipse.equinox.launcher.win32.win32.x86_64_1.2.300.v20210828-0802\eclipse_11506.dll
0x00007ffa3e160000 - 0x00007ffa3e28a000 	C:\WINDOWS\System32\ole32.dll
0x00007ffa16ea0000 - 0x00007ffa16eb1000 	C:\Users\YUJUN\AppData\Roaming\Code\User\globalStorage\redhat.java\0.82.0\config_win\org.eclipse.osgi\22\0\.cp\jWinHttp-1.0.0.dll

dbghelp: loaded successfully - version: 4.0.5 - missing functions: none
symbol engine: initialized successfully - sym options: 0x614 - pdb path: .;C:\Program Files\Java\jdk-11.0.11\bin;C:\WINDOWS\SYSTEM32;C:\WINDOWS\WinSxS\amd64_microsoft.windows.common-controls_6595b64144ccf1df_6.0.19041.1110_none_60b5254171f9507e;C:\Program Files\Java\jdk-11.0.11\bin\server;C:\Users\YUJUN\AppData\Roaming\Code\User\globalStorage\redhat.java\0.82.0\config_win\org.eclipse.equinox.launcher\org.eclipse.equinox.launcher.win32.win32.x86_64_1.2.300.v20210828-0802;C:\Users\YUJUN\AppData\Roaming\Code\User\globalStorage\redhat.java\0.82.0\config_win\org.eclipse.osgi\22\0\.cp

VM Arguments:
jvm_args: --add-modules=ALL-SYSTEM --add-opens=java.base/java.util=ALL-UNNAMED --add-opens=java.base/java.lang=ALL-UNNAMED -Declipse.application=org.eclipse.jdt.ls.core.id1 -Dosgi.bundles.defaultStartLevel=4 -Declipse.product=org.eclipse.jdt.ls.core.product -Dfile.encoding=utf8 -DwatchParentProcess=false -XX:+UseParallelGC -XX:GCTimeRatio=4 -XX:AdaptiveSizePolicyWeight=90 -Dsun.zip.disableMemoryMapping=true -Xmx1G -Xms100m -javaagent:c:\Users\YUJUN\.vscode\extensions\gabrielbb.vscode-lombok-1.0.1\server\lombok.jar -Xverify:none 
java_command: c:\Users\YUJUN\.vscode\extensions\redhat.java-0.82.0\server\plugins\org.eclipse.equinox.launcher_1.6.300.v20210813-1054.jar -configuration c:\Users\YUJUN\AppData\Roaming\Code\User\globalStorage\redhat.java\0.82.0\config_win -data c:\Users\YUJUN\AppData\Roaming\Code\User\workspaceStorage\b085e32addfbc594a8c256f767eaed24\redhat.java\jdt_ws
java_class_path (initial): c:\Users\YUJUN\.vscode\extensions\redhat.java-0.82.0\server\plugins\org.eclipse.equinox.launcher_1.6.300.v20210813-1054.jar
Launcher Type: SUN_STANDARD

[Global flags]
    uintx AdaptiveSizePolicyWeight                 = 90                                        {product} {command line}
     bool BytecodeVerificationLocal                = false                                     {product} {command line}
     bool BytecodeVerificationRemote               = false                                     {product} {command line}
     intx CICompilerCount                          = 4                                         {product} {ergonomic}
    uintx GCTimeRatio                              = 4                                         {product} {command line}
   size_t InitialHeapSize                          = 104857600                                 {product} {command line}
   size_t MaxHeapSize                              = 1073741824                                {product} {command line}
   size_t MaxNewSize                               = 357564416                                 {product} {ergonomic}
   size_t MinHeapDeltaBytes                        = 524288                                    {product} {ergonomic}
   size_t NewSize                                  = 34603008                                  {product} {ergonomic}
    uintx NonNMethodCodeHeapSize                   = 5836300                                {pd product} {ergonomic}
    uintx NonProfiledCodeHeapSize                  = 122910970                              {pd product} {ergonomic}
   size_t OldSize                                  = 70254592                                  {product} {ergonomic}
    uintx ProfiledCodeHeapSize                     = 122910970                              {pd product} {ergonomic}
    uintx ReservedCodeCacheSize                    = 251658240                              {pd product} {ergonomic}
     bool SegmentedCodeCache                       = true                                      {product} {ergonomic}
     bool UseCompressedClassPointers               = true                                 {lp64_product} {ergonomic}
     bool UseCompressedOops                        = true                                 {lp64_product} {ergonomic}
     bool UseLargePagesIndividualAllocation        = false                                  {pd product} {ergonomic}
     bool UseParallelGC                            = true                                      {product} {command line}

Logging:
Log output configuration:
 #0: stdout all=warning uptime,level,tags
 #1: stderr all=off uptime,level,tags

Environment Variables:
JAVA_HOME=C:\Program Files\Java\jdk-11.0.11
JRE_HOME=C:\Program Files\Java\jre1.8.0_171
CLASSPATH=C:\Program Files\Java\jdk-11.0.11\lib\tools.jar
PATH=C:\Program Files\Common Files\Oracle\Java\javapath;C:\ProgramData\DockerDesktop\version-bin;C:\Program Files\Docker\Docker\Resources\bin;C:\app\YUJUN\product\11.2.0\dbhome_1\bin;C:\Program Files (x86)\Common Files\Oracle\Java\javapath;C:\Program Files (x86)\Intel\iCLS Client\;C:\Program Files\Intel\iCLS Client\;C:\WINDOWS\system32;C:\WINDOWS;C:\WINDOWS\System32\Wbem;C:\WINDOWS\System32\WindowsPowerShell\v1.0\;C:\WINDOWS\System32\OpenSSH\;C:\Program Files (x86)\Intel\Intel(R) Management Engine Components\DAL;C:\Program Files\Intel\Intel(R) Management Engine Components\DAL;C:\Program Files (x86)\Intel\Intel(R) Management Engine Components\IPT;C:\Program Files\Intel\Intel(R) Management Engine Components\IPT;C:\Program Files\Intel\WiFi\bin\;C:\Program Files\Common Files\Intel\WirelessCommon\;C:\Program Files\Java\jdk-11.0.11\bin;C:\Program Files\PuTTY\;C:\Program Files\MySQL\MySQL Server 5.5\bin;C:\Program Files\Git\cmd;C:\Program Files\Calibre2\;C:\Program Files\dotnet\;C:\Program Files\nodejs\;C:\Users\YUJUN\AppData\Local\Programs\Python\Python37\Scripts\;C:\Users\YUJUN\AppData\Local\Programs\Python\Python37\;C:\Users\YUJUN\AppData\Local\Microsoft\WindowsApps;C:\Program Files\Intel\WiFi\bin\;C:\Program Files\Common Files\Intel\WirelessCommon\;C:\Program Files\Bandizip\;C:\Users\YUJUN\AppData\Local\Microsoft\WindowsApps;;C:\Program Files\JetBrains\PyCharm Community Edition 2020.2.3\bin;;C:\Program Files\heroku\bin;C:\Users\YUJUN\AppData\Roaming\npm
USERNAME=YUJUN
OS=Windows_NT
PROCESSOR_IDENTIFIER=Intel64 Family 6 Model 142 Stepping 10, GenuineIntel



---------------  S Y S T E M  ---------------

OS: Windows 10 , 64 bit Build 19041 (10.0.19041.1202)

CPU:total 8 (initial active 8) (4 cores per cpu, 2 threads per core) family 6 model 142 stepping 10 microcode 0xb4, cmov, cx8, fxsr, mmx, sse, sse2, sse3, ssse3, sse4.1, sse4.2, popcnt, avx, avx2, aes, clmul, erms, 3dnowpref, lzcnt, ht, tsc, tscinvbit, bmi1, bmi2, adx, fma

Memory: 4k page, system-wide physical 16217M (3840M free)
TotalPageFile size 16217M (AvailPageFile size 6M)
current process WorkingSet (physical memory assigned to process): 148M, peak: 148M
current process commit charge ("private bytes"): 254M, peak: 256M

vm_info: Java HotSpot(TM) 64-Bit Server VM (11.0.11+9-LTS-194) for windows-amd64 JRE (11.0.11+9-LTS-194), built on Mar 18 2021 18:46:53 by "mach5one" with MS VC++ 15.9 (VS2017)

END.
