#
# There is insufficient memory for the Java Runtime Environment to continue.
# Native memory allocation (mmap) failed to map 266338304 bytes for Failed to commit area from 0x0000000702800000 to 0x0000000712600000 of length 266338304.
# Possible reasons:
#   The system is out of physical RAM or swap space
#   The process is running with CompressedOops enabled, and the Java Heap may be blocking the growth of the native heap
# Possible solutions:
#   Reduce memory load on the system
#   Increase physical memory or swap space
#   Check if swap backing store is full
#   Decrease Java heap size (-Xmx/-Xms)
#   Decrease number of Java threads
#   Decrease Java thread stack sizes (-Xss)
#   Set larger code cache with -XX:ReservedCodeCacheSize=
# This output file may be truncated or incomplete.
#
#  Out of Memory Error (./open/src/hotspot/os/windows/os_windows.cpp:3273), pid=33492, tid=24024
#
# JRE version:  (11.0.11+9) (build )
# Java VM: Java HotSpot(TM) 64-Bit Server VM (11.0.11+9-LTS-194, mixed mode, sharing, tiered, compressed oops, g1 gc, windows-amd64)
# No core dump will be written. Minidumps are not enabled by default on client versions of Windows
#

---------------  S U M M A R Y ------------

Command Line: -Dfile.encoding=UTF-8 com.douzone.mehago.MehagoApplication

Host: Intel(R) Core(TM) i5-8250U CPU @ 1.60GHz, 8 cores, 15G,  Windows 10 , 64 bit Build 19041 (10.0.19041.1202)
Time: Wed Oct  6 13:56:46 2021 대한민국 표준시 elapsed time: 0.039881 seconds (0d 0h 0m 0s)

---------------  T H R E A D  ---------------

Current thread (0x000001fb8ad03000):  JavaThread "Unknown thread" [_thread_in_vm, id=24024, stack(0x0000006104e00000,0x0000006104f00000)]

Stack: [0x0000006104e00000,0x0000006104f00000]
Native frames: (J=compiled Java code, j=interpreted, Vv=VM code, C=native code)
V  [jvm.dll+0x616f2a]
V  [jvm.dll+0x74de7f]
V  [jvm.dll+0x74f505]
V  [jvm.dll+0x74fb83]
V  [jvm.dll+0x2436d8]
V  [jvm.dll+0x61431a]
V  [jvm.dll+0x6090f5]
V  [jvm.dll+0x2f7eec]
V  [jvm.dll+0x2f7d72]
V  [jvm.dll+0x2fca26]
V  [jvm.dll+0x33efef]
V  [jvm.dll+0x33ea20]
V  [jvm.dll+0x2d5608]
V  [jvm.dll+0x2d6766]
V  [jvm.dll+0x7299e7]
V  [jvm.dll+0x72b28f]
V  [jvm.dll+0x34bd39]
V  [jvm.dll+0x70f360]
V  [jvm.dll+0x3b50df]
V  [jvm.dll+0x3b71e1]
C  [jli.dll+0x520b]
C  [ucrtbase.dll+0x21bb2]
C  [KERNEL32.DLL+0x17034]
C  [ntdll.dll+0x52651]


---------------  P R O C E S S  ---------------

Threads class SMR info:
_java_thread_list=0x000001fb88ac1470, length=0, elements={
}

Java Threads: ( => current thread )

Other Threads:
  0x000001fb8ad17000 GCTaskThread "GC Thread#0" [stack: 0x0000006104f00000,0x0000006105000000] [id=40892]
  0x000001fb8ad71800 ConcurrentGCThread "G1 Main Marker" [stack: 0x0000006105000000,0x0000006105100000] [id=40896]
  0x000001fb8ad73000 ConcurrentGCThread "G1 Conc#0" [stack: 0x0000006105100000,0x0000006105200000] [id=27596]

[error occurred during error reporting (printing all threads), id 0xc0000005, EXCEPTION_ACCESS_VIOLATION (0xc0000005) at pc=0x00007ff9da0a4857]

VM state:not at safepoint (not fully initialized)

VM Mutex/Monitor currently owned by a thread:  ([mutex/lock_event])
[0x000001fb8acffef0] Heap_lock - owner thread: 0x000001fb8ad03000

Heap address: 0x0000000702800000, size: 4056 MB, Compressed Oops mode: Non-zero based: 0x0000000702800000
Narrow klass base: 0x0000000000000000, Narrow klass shift: 0

GC Heap History (0 events):
No events

Deoptimization events (0 events):
No events

Classes redefined (0 events):
No events

Internal exceptions (0 events):
No events

Events (0 events):
No events


Dynamic libraries:
0x00007ff685870000 - 0x00007ff68587f000 	C:\Program Files\Java\jdk-11.0.11\bin\java.exe
0x00007ffa3e7d0000 - 0x00007ffa3e9c5000 	C:\WINDOWS\SYSTEM32\ntdll.dll
0x00007ffa3d400000 - 0x00007ffa3d4be000 	C:\WINDOWS\System32\KERNEL32.DLL
0x00007ffa3c1c0000 - 0x00007ffa3c489000 	C:\WINDOWS\System32\KERNELBASE.dll
0x00007ffa3c680000 - 0x00007ffa3c780000 	C:\WINDOWS\System32\ucrtbase.dll
0x00007ffa35cc0000 - 0x00007ffa35cd8000 	C:\Program Files\Java\jdk-11.0.11\bin\jli.dll
0x00007ffa35ca0000 - 0x00007ffa35cb5000 	C:\Program Files\Java\jdk-11.0.11\bin\VCRUNTIME140.dll
0x00007ffa3db30000 - 0x00007ffa3dbdc000 	C:\WINDOWS\System32\ADVAPI32.dll
0x00007ffa3da90000 - 0x00007ffa3db2e000 	C:\WINDOWS\System32\msvcrt.dll
0x00007ffa3c820000 - 0x00007ffa3c8bb000 	C:\WINDOWS\System32\sechost.dll
0x00007ffa3de90000 - 0x00007ffa3dfba000 	C:\WINDOWS\System32\RPCRT4.dll
0x00007ffa3cb10000 - 0x00007ffa3ccb1000 	C:\WINDOWS\System32\USER32.dll
0x00007ffa3c190000 - 0x00007ffa3c1b2000 	C:\WINDOWS\System32\win32u.dll
0x00007ffa272a0000 - 0x00007ffa2753a000 	C:\WINDOWS\WinSxS\amd64_microsoft.windows.common-controls_6595b64144ccf1df_6.0.19041.1110_none_60b5254171f9507e\COMCTL32.dll
0x00007ffa3de60000 - 0x00007ffa3de8b000 	C:\WINDOWS\System32\GDI32.dll
0x00007ffa3c080000 - 0x00007ffa3c18b000 	C:\WINDOWS\System32\gdi32full.dll
0x00007ffa3c780000 - 0x00007ffa3c81d000 	C:\WINDOWS\System32\msvcp_win.dll
0x00007ffa2a3c0000 - 0x00007ffa2a3ca000 	C:\WINDOWS\SYSTEM32\VERSION.dll
0x00007ffa3dfc0000 - 0x00007ffa3dff0000 	C:\WINDOWS\System32\IMM32.DLL
0x00007ff9facf0000 - 0x00007ff9fad8b000 	C:\Program Files\Java\jdk-11.0.11\bin\msvcp140.dll
0x00007ff9d9dc0000 - 0x00007ff9da8be000 	C:\Program Files\Java\jdk-11.0.11\bin\server\jvm.dll
0x00007ffa3d4c0000 - 0x00007ffa3d4c8000 	C:\WINDOWS\System32\PSAPI.DLL
0x00007ffa28bf0000 - 0x00007ffa28c17000 	C:\WINDOWS\SYSTEM32\WINMM.dll
0x00007ffa27290000 - 0x00007ffa27299000 	C:\WINDOWS\SYSTEM32\WSOCK32.dll
0x00007ffa3d4d0000 - 0x00007ffa3d53b000 	C:\WINDOWS\System32\WS2_32.dll
0x00007ffa39df0000 - 0x00007ffa39e02000 	C:\WINDOWS\SYSTEM32\kernel.appcore.dll
0x00007ffa35f00000 - 0x00007ffa35f10000 	C:\Program Files\Java\jdk-11.0.11\bin\verify.dll
0x00007ffa36c60000 - 0x00007ffa36e44000 	C:\WINDOWS\SYSTEM32\DBGHELP.DLL
0x00007ffa26ae0000 - 0x00007ffa26b0c000 	C:\WINDOWS\SYSTEM32\dbgcore.DLL
0x00007ffa3c5f0000 - 0x00007ffa3c673000 	C:\WINDOWS\System32\bcryptPrimitives.dll
0x00007ffa31cf0000 - 0x00007ffa31d18000 	C:\Program Files\Java\jdk-11.0.11\bin\java.dll
0x00007ffa35c90000 - 0x00007ffa35c9a000 	C:\Program Files\Java\jdk-11.0.11\bin\jimage.dll
0x00007ffa35bc0000 - 0x00007ffa35bd6000 	C:\Program Files\Java\jdk-11.0.11\bin\zip.dll

dbghelp: loaded successfully - version: 4.0.5 - missing functions: none
symbol engine: initialized successfully - sym options: 0x614 - pdb path: .;C:\Program Files\Java\jdk-11.0.11\bin;C:\WINDOWS\SYSTEM32;C:\WINDOWS\WinSxS\amd64_microsoft.windows.common-controls_6595b64144ccf1df_6.0.19041.1110_none_60b5254171f9507e;C:\Program Files\Java\jdk-11.0.11\bin\server

VM Arguments:
jvm_args: -Dfile.encoding=UTF-8 
java_command: com.douzone.mehago.MehagoApplication
java_class_path (initial): Y:\mehago-develop\target\classes;C:\Users\YUJUN\.m2\repository\org\springframework\boot\spring-boot-starter-web\2.5.3\spring-boot-starter-web-2.5.3.jar;C:\Users\YUJUN\.m2\repository\org\springframework\boot\spring-boot-starter\2.5.3\spring-boot-starter-2.5.3.jar;C:\Users\YUJUN\.m2\repository\org\springframework\boot\spring-boot-starter-logging\2.5.3\spring-boot-starter-logging-2.5.3.jar;C:\Users\YUJUN\.m2\repository\ch\qos\logback\logback-classic\1.2.4\logback-classic-1.2.4.jar;C:\Users\YUJUN\.m2\repository\ch\qos\logback\logback-core\1.2.4\logback-core-1.2.4.jar;C:\Users\YUJUN\.m2\repository\org\apache\logging\log4j\log4j-to-slf4j\2.14.1\log4j-to-slf4j-2.14.1.jar;C:\Users\YUJUN\.m2\repository\org\slf4j\jul-to-slf4j\1.7.32\jul-to-slf4j-1.7.32.jar;C:\Users\YUJUN\.m2\repository\jakarta\annotation\jakarta.annotation-api\1.3.5\jakarta.annotation-api-1.3.5.jar;C:\Users\YUJUN\.m2\repository\org\yaml\snakeyaml\1.28\snakeyaml-1.28.jar;C:\Users\YUJUN\.m2\repository\org\springframework\boot\spring-boot-starter-json\2.5.3\spring-boot-starter-json-2.5.3.jar;C:\Users\YUJUN\.m2\repository\com\fasterxml\jackson\datatype\jackson-datatype-jdk8\2.12.4\jackson-datatype-jdk8-2.12.4.jar;C:\Users\YUJUN\.m2\repository\com\fasterxml\jackson\datatype\jackson-datatype-jsr310\2.12.4\jackson-datatype-jsr310-2.12.4.jar;C:\Users\YUJUN\.m2\repository\com\fasterxml\jackson\module\jackson-module-parameter-names\2.12.4\jackson-module-parameter-names-2.12.4.jar;C:\Users\YUJUN\.m2\repository\org\springframework\boot\spring-boot-starter-tomcat\2.5.3\spring-boot-starter-tomcat-2.5.3.jar;C:\Users\YUJUN\.m2\repository\org\apache\tomcat\embed\tomcat-embed-websocket\9.0.50\tomcat-embed-websocket-9.0.50.jar;C:\Users\YUJUN\.m2\repository\org\springframework\spring-web\5.3.9\spring-web-5.3.9.jar;C:\Users\YUJUN\.m2\repository\org\springframework\spring-beans\5.3.9\spring-beans-5.3.9.jar;C:\Users\YUJUN\.m2\repository\org\springframework\spring-webmvc\5.3.9\spring-webmvc-5.3.9.jar;C:\
Launcher Type: SUN_STANDARD

[Global flags]
     intx CICompilerCount                          = 4                                         {product} {ergonomic}
     uint ConcGCThreads                            = 2                                         {product} {ergonomic}
     uint G1ConcRefinementThreads                  = 8                                         {product} {ergonomic}
   size_t G1HeapRegionSize                         = 1048576                                   {product} {ergonomic}
    uintx GCDrainStackTargetSize                   = 64                                        {product} {ergonomic}
   size_t InitialHeapSize                          = 266338304                                 {product} {ergonomic}
   size_t MarkStackSize                            = 4194304                                   {product} {ergonomic}
   size_t MaxHeapSize                              = 4253024256                                {product} {ergonomic}
   size_t MinHeapDeltaBytes                        = 1048576                                   {product} {ergonomic}
    uintx NonNMethodCodeHeapSize                   = 5836300                                {pd product} {ergonomic}
    uintx NonProfiledCodeHeapSize                  = 122910970                              {pd product} {ergonomic}
    uintx ProfiledCodeHeapSize                     = 122910970                              {pd product} {ergonomic}
    uintx ReservedCodeCacheSize                    = 251658240                              {pd product} {ergonomic}
     bool SegmentedCodeCache                       = true                                      {product} {ergonomic}
     bool UseCompressedClassPointers               = true                                 {lp64_product} {ergonomic}
     bool UseCompressedOops                        = true                                 {lp64_product} {ergonomic}
     bool UseG1GC                                  = true                                      {product} {ergonomic}
     bool UseLargePagesIndividualAllocation        = false                                  {pd product} {ergonomic}

Logging:
Log output configuration:
 #0: stdout all=warning uptime,level,tags
 #1: stderr all=off uptime,level,tags

Environment Variables:
JAVA_HOME=C:\Program Files\Java\jdk-11.0.11
JRE_HOME=C:\Program Files\Java\jre1.8.0_171
CLASSPATH=C:\Program Files\Java\jdk-11.0.11\lib\tools.jar
PATH=C:\Program Files\Git\mingw64\bin;C:\Program Files\Git\usr\bin;C:\Users\YUJUN\bin;C:\Program Files\Common Files\Oracle\Java\javapath;C:\ProgramData\DockerDesktop\version-bin;C:\Program Files\Docker\Docker\Resources\bin;C:\app\YUJUN\product\11.2.0\dbhome_1\bin;C:\Program Files (x86)\Common Files\Oracle\Java\javapath;C:\Program Files (x86)\Intel\iCLS Client;C:\Program Files\Intel\iCLS Client;C:\WINDOWS\system32;C:\WINDOWS;C:\WINDOWS\System32\Wbem;C:\WINDOWS\System32\WindowsPowerShell\v1.0;C:\WINDOWS\System32\OpenSSH;C:\Program Files (x86)\Intel\Intel(R) Management Engine Components\DAL;C:\Program Files\Intel\Intel(R) Management Engine Components\DAL;C:\Program Files (x86)\Intel\Intel(R) Management Engine Components\IPT;C:\Program Files\Intel\Intel(R) Management Engine Components\IPT;C:\Program Files\Intel\WiFi\bin;C:\Program Files\Common Files\Intel\WirelessCommon;C:\Program Files\Java\jdk-11.0.11\bin;C:\Program Files\PuTTY;C:\Program Files\MySQL\MySQL Server 5.5\bin;C:\Program Files\Git\cmd;C:\Program Files\Calibre2;C:\Program Files\dotnet;C:\Program Files\nodejs;C:\Users\YUJUN\AppData\Local\Programs\Python\Python37\Scripts;C:\Users\YUJUN\AppData\Local\Programs\Python\Python37;C:\Users\YUJUN\AppData\Local\Microsoft\WindowsApps;C:\Program Files\Intel\WiFi\bin;C:\Program Files\Common Files\Intel\WirelessCommon;C:\Program Files\Bandizip;C:\Users\YUJUN\AppData\Local\Microsoft\WindowsApps;C:\Program Files\JetBrains\PyCharm Community Edition 2020.2.3\bin;C:\Program Files\heroku\bin;C:\Users\YUJUN\AppData\Roaming\npm
USERNAME=YUJUN
OS=Windows_NT
PROCESSOR_IDENTIFIER=Intel64 Family 6 Model 142 Stepping 10, GenuineIntel



---------------  S Y S T E M  ---------------

OS: Windows 10 , 64 bit Build 19041 (10.0.19041.1202)

CPU:total 8 (initial active 8) (4 cores per cpu, 2 threads per core) family 6 model 142 stepping 10 microcode 0xb4, cmov, cx8, fxsr, mmx, sse, sse2, sse3, ssse3, sse4.1, sse4.2, popcnt, avx, avx2, aes, clmul, erms, 3dnowpref, lzcnt, ht, tsc, tscinvbit, bmi1, bmi2, adx, fma

Memory: 4k page, system-wide physical 16217M (3556M free)
TotalPageFile size 16217M (AvailPageFile size 220M)
current process WorkingSet (physical memory assigned to process): 10M, peak: 10M
current process commit charge ("private bytes"): 60M, peak: 314M

vm_info: Java HotSpot(TM) 64-Bit Server VM (11.0.11+9-LTS-194) for windows-amd64 JRE (11.0.11+9-LTS-194), built on Mar 18 2021 18:46:53 by "mach5one" with MS VC++ 15.9 (VS2017)

END.
