#
# There is insufficient memory for the Java Runtime Environment to continue.
# Native memory allocation (malloc) failed to allocate 2788656 bytes for Chunk::new
# Possible reasons:
#   The system is out of physical RAM or swap space
#   The process is running with CompressedOops enabled, and the Java Heap may be blocking the growth of the native heap
# Possible solutions:
#   Reduce memory load on the system
#   Increase physical memory or swap space
#   Check if swap backing store is full
#   Decrease Java heap size (-Xmx/-Xms)
#   Decrease number of Java threads
#   Decrease Java thread stack sizes (-Xss)
#   Set larger code cache with -XX:ReservedCodeCacheSize=
#   JVM is running with Unscaled Compressed Oops mode in which the Java heap is
#     placed in the first 4GB address space. The Java Heap base address is the
#     maximum limit for the native heap growth. Please use -XX:HeapBaseMinAddress
#     to set the Java Heap base and to place the Java Heap above 4GB virtual address.
# This output file may be truncated or incomplete.
#
#  Out of Memory Error (./open/src/hotspot/share/memory/arena.cpp:197), pid=20600, tid=22544
#
# JRE version: Java(TM) SE Runtime Environment 18.9 (11.0.11+9) (build 11.0.11+9-LTS-194)
# Java VM: Java HotSpot(TM) 64-Bit Server VM 18.9 (11.0.11+9-LTS-194, mixed mode, tiered, compressed oops, parallel gc, windows-amd64)
# No core dump will be written. Minidumps are not enabled by default on client versions of Windows
#

---------------  S U M M A R Y ------------

Command Line: --add-modules=ALL-SYSTEM --add-opens=java.base/java.util=ALL-UNNAMED --add-opens=java.base/java.lang=ALL-UNNAMED -Declipse.application=org.eclipse.jdt.ls.core.id1 -Dosgi.bundles.defaultStartLevel=4 -Declipse.product=org.eclipse.jdt.ls.core.product -Dfile.encoding=utf8 -DwatchParentProcess=false -XX:+UseParallelGC -XX:GCTimeRatio=4 -XX:AdaptiveSizePolicyWeight=90 -Dsun.zip.disableMemoryMapping=true -Xmx1G -Xms100m -javaagent:c:\Users\YUJUN\.vscode\extensions\gabrielbb.vscode-lombok-1.0.1\server\lombok.jar -Xverify:none c:\Users\YUJUN\.vscode\extensions\redhat.java-0.82.0\server\plugins\org.eclipse.equinox.launcher_1.6.300.v20210813-1054.jar -configuration c:\Users\YUJUN\AppData\Roaming\Code\User\globalStorage\redhat.java\0.82.0\config_win -data c:\Users\YUJUN\AppData\Roaming\Code\User\workspaceStorage\b085e32addfbc594a8c256f767eaed24\redhat.java\jdt_ws

Host: Intel(R) Core(TM) i5-8250U CPU @ 1.60GHz, 8 cores, 15G,  Windows 10 , 64 bit Build 19041 (10.0.19041.1202)
Time: Wed Sep 29 11:50:04 2021 대한민국 표준시 elapsed time: 12.723766 seconds (0d 0h 0m 12s)

---------------  T H R E A D  ---------------

Current thread (0x000001b2237a4000):  JavaThread "C2 CompilerThread2" daemon [_thread_in_native, id=22544, stack(0x000000809db00000,0x000000809dc00000)]


Current CompileTask:
C2:  12724 5712   !   4       org.eclipse.osgi.internal.loader.classpath.ClasspathManager::findLocalClass (210 bytes)

Stack: [0x000000809db00000,0x000000809dc00000]
Native frames: (J=compiled Java code, j=interpreted, Vv=VM code, C=native code)
V  [jvm.dll+0x616f2a]
V  [jvm.dll+0x74de7f]
V  [jvm.dll+0x74f505]
V  [jvm.dll+0x74fb83]
V  [jvm.dll+0x2436d8]
V  [jvm.dll+0xba68c]
V  [jvm.dll+0xbad8c]
V  [jvm.dll+0x3462b7]
V  [jvm.dll+0x193fc1]
V  [jvm.dll+0x1fd152]
V  [jvm.dll+0x1fc22f]
V  [jvm.dll+0x17f0bc]
V  [jvm.dll+0x20b68c]
V  [jvm.dll+0x20978b]
V  [jvm.dll+0x7152c9]
V  [jvm.dll+0x70dfc4]
V  [jvm.dll+0x6160f6]
C  [ucrtbase.dll+0x21bb2]
C  [KERNEL32.DLL+0x17034]
C  [ntdll.dll+0x52651]


---------------  P R O C E S S  ---------------

Threads class SMR info:
_java_thread_list=0x000001b226101f70, length=26, elements={
0x000001b20680b000, 0x000001b2206a8800, 0x000001b2206b4000, 0x000001b22190f800,
0x000001b221910800, 0x000001b221913000, 0x000001b221958800, 0x000001b221972000,
0x000001b221ad1800, 0x000001b221c0f800, 0x000001b222f55800, 0x000001b222d01000,
0x000001b22322c000, 0x000001b2232e8000, 0x000001b22334d000, 0x000001b222b2d000,
0x000001b2231a2000, 0x000001b2227fe000, 0x000001b22370c000, 0x000001b2237a4000,
0x000001b223e6b800, 0x000001b223a61000, 0x000001b223a60000, 0x000001b223a5b000,
0x000001b223a5c000, 0x000001b2310c5000
}

Java Threads: ( => current thread )
  0x000001b20680b000 JavaThread "main" [_thread_blocked, id=13076, stack(0x000000809bd00000,0x000000809be00000)]
  0x000001b2206a8800 JavaThread "Reference Handler" daemon [_thread_blocked, id=14296, stack(0x000000809c000000,0x000000809c100000)]
  0x000001b2206b4000 JavaThread "Finalizer" daemon [_thread_blocked, id=13864, stack(0x000000809c100000,0x000000809c200000)]
  0x000001b22190f800 JavaThread "Signal Dispatcher" daemon [_thread_blocked, id=29192, stack(0x000000809c200000,0x000000809c300000)]
  0x000001b221910800 JavaThread "Attach Listener" daemon [_thread_blocked, id=18696, stack(0x000000809c300000,0x000000809c400000)]
  0x000001b221913000 JavaThread "C2 CompilerThread0" daemon [_thread_in_native, id=32660, stack(0x000000809c400000,0x000000809c500000)]
  0x000001b221958800 JavaThread "C1 CompilerThread0" daemon [_thread_in_native, id=4176, stack(0x000000809c500000,0x000000809c600000)]
  0x000001b221972000 JavaThread "Sweeper thread" daemon [_thread_blocked, id=14712, stack(0x000000809c600000,0x000000809c700000)]
  0x000001b221ad1800 JavaThread "Common-Cleaner" daemon [_thread_blocked, id=9480, stack(0x000000809c700000,0x000000809c800000)]
  0x000001b221c0f800 JavaThread "Service Thread" daemon [_thread_blocked, id=19324, stack(0x000000809c900000,0x000000809ca00000)]
  0x000001b222f55800 JavaThread "Active Thread: Equinox Container: ad7fd661-c713-4518-bf08-291ba05ca540" [_thread_blocked, id=1696, stack(0x000000809cb00000,0x000000809cc00000)]
  0x000001b222d01000 JavaThread "Framework Event Dispatcher: Equinox Container: ad7fd661-c713-4518-bf08-291ba05ca540" daemon [_thread_blocked, id=26212, stack(0x000000809cf00000,0x000000809d000000)]
  0x000001b22322c000 JavaThread "Start Level: Equinox Container: ad7fd661-c713-4518-bf08-291ba05ca540" daemon [_thread_blocked, id=7612, stack(0x000000809d000000,0x000000809d100000)]
  0x000001b2232e8000 JavaThread "SCR Component Actor" daemon [_thread_blocked, id=8040, stack(0x000000809d100000,0x000000809d200000)]
  0x000001b22334d000 JavaThread "Worker-JM" [_thread_blocked, id=34604, stack(0x000000809d300000,0x000000809d400000)]
  0x000001b222b2d000 JavaThread "C2 CompilerThread1" daemon [_thread_in_native, id=17436, stack(0x000000809c800000,0x000000809c900000)]
  0x000001b2231a2000 JavaThread "Worker-0: Building" [_thread_in_Java, id=2848, stack(0x000000809d600000,0x000000809d700000)]
  0x000001b2227fe000 JavaThread "Worker-1: Initialize workspace" [_thread_blocked, id=2868, stack(0x000000809d700000,0x000000809d800000)]
  0x000001b22370c000 JavaThread "Java indexing" daemon [_thread_blocked, id=28120, stack(0x000000809da00000,0x000000809db00000)]
=>0x000001b2237a4000 JavaThread "C2 CompilerThread2" daemon [_thread_in_native, id=22544, stack(0x000000809db00000,0x000000809dc00000)]
  0x000001b223e6b800 JavaThread "Bundle File Closer" daemon [_thread_blocked, id=26508, stack(0x000000809dc00000,0x000000809dd00000)]
  0x000001b223a61000 JavaThread "logback configurator timer" daemon [_thread_blocked, id=31420, stack(0x000000809dd00000,0x000000809de00000)]
  0x000001b223a60000 JavaThread "pool-2-thread-1" [_thread_blocked, id=6028, stack(0x000000809de00000,0x000000809df00000)]
  0x000001b223a5b000 JavaThread "Worker-2" [_thread_blocked, id=6680, stack(0x000000809df00000,0x000000809e000000)]
  0x000001b223a5c000 JavaThread "Worker-3: Refreshing workspace" [_thread_blocked, id=18780, stack(0x000000809e000000,0x000000809e100000)]
  0x000001b2310c5000 JavaThread "Worker-4" [_thread_blocked, id=6168, stack(0x000000809e900000,0x000000809ea00000)]

Other Threads:
  0x000001b220581800 VMThread "VM Thread" [stack: 0x000000809bf00000,0x000000809c000000] [id=17596]
  0x000001b221cc6000 WatcherThread [stack: 0x000000809ca00000,0x000000809cb00000] [id=25408]
  0x000001b206820000 GCTaskThread "ParGC Thread#0" [stack: 0x000000809be00000,0x000000809bf00000] [id=32148]
  0x000001b222ff1000 GCTaskThread "ParGC Thread#1" [stack: 0x000000809cc00000,0x000000809cd00000] [id=9724]
  0x000001b222fbe800 GCTaskThread "ParGC Thread#2" [stack: 0x000000809cd00000,0x000000809ce00000] [id=23504]
  0x000001b2229d0800 GCTaskThread "ParGC Thread#3" [stack: 0x000000809ce00000,0x000000809cf00000] [id=15868]
  0x000001b222bde000 GCTaskThread "ParGC Thread#4" [stack: 0x000000809d400000,0x000000809d500000] [id=12704]
  0x000001b222c06800 GCTaskThread "ParGC Thread#5" [stack: 0x000000809d500000,0x000000809d600000] [id=25368]
  0x000001b223b48800 GCTaskThread "ParGC Thread#6" [stack: 0x000000809d800000,0x000000809d900000] [id=6808]
  0x000001b223764000 GCTaskThread "ParGC Thread#7" [stack: 0x000000809d900000,0x000000809da00000] [id=13788]

Threads with active compile tasks:
C2 CompilerThread0  12788 5708       4       org.objectweb.asm.ClassReader::readMethod (1052 bytes)
C2 CompilerThread1  12788 6112       4       lombok.core.configuration.BubblingConfigurationResolver::resolve (429 bytes)
C2 CompilerThread2  12789 5712   !   4       org.eclipse.osgi.internal.loader.classpath.ClasspathManager::findLocalClass (210 bytes)

VM state:not at safepoint (normal execution)

VM Mutex/Monitor currently owned by a thread: None

Heap address: 0x00000000c0000000, size: 1024 MB, Compressed Oops mode: 32-bit
Narrow klass base: 0x0000000000000000, Narrow klass shift: 3
Compressed class space size: 1073741824 Address: 0x0000000100000000

Heap:
 PSYoungGen      total 21504K, used 11439K [0x00000000eab00000, 0x00000000ec280000, 0x0000000100000000)
  eden space 20480K, 51% used [0x00000000eab00000,0x00000000eb537df8,0x00000000ebf00000)
  from space 1024K, 95% used [0x00000000ec180000,0x00000000ec274010,0x00000000ec280000)
  to   space 1536K, 0% used [0x00000000ebf80000,0x00000000ebf80000,0x00000000ec100000)
 ParOldGen       total 68608K, used 41277K [0x00000000c0000000, 0x00000000c4300000, 0x00000000eab00000)
  object space 68608K, 60% used [0x00000000c0000000,0x00000000c284f478,0x00000000c4300000)
 Metaspace       used 53685K, capacity 56694K, committed 56960K, reserved 1099776K
  class space    used 5398K, capacity 6457K, committed 6528K, reserved 1048576K

Card table byte_map: [0x000001b2061d0000,0x000001b2063e0000] _byte_map_base: 0x000001b205bd0000

Marking Bits: (ParMarkBitMap*) 0x00007ff9d30657a0
 Begin Bits: [0x000001b21dcc0000, 0x000001b21ecc0000)
 End Bits:   [0x000001b21ecc0000, 0x000001b21fcc0000)

Polling page: 0x000001b2047a0000

Metaspace:

Usage:
  Non-class:     49.06 MB capacity,    47.16 MB ( 96%) used,     1.80 MB (  4%) free+waste,   110.38 KB ( <1%) overhead. 
      Class:      6.31 MB capacity,     5.27 MB ( 84%) used,  1006.05 KB ( 16%) free+waste,    52.25 KB ( <1%) overhead. 
       Both:     55.37 MB capacity,    52.43 MB ( 95%) used,     2.78 MB (  5%) free+waste,   162.63 KB ( <1%) overhead. 

Virtual space:
  Non-class space:       50.00 MB reserved,      49.25 MB ( 99%) committed 
      Class space:        1.00 GB reserved,       6.38 MB ( <1%) committed 
             Both:        1.05 GB reserved,      55.63 MB (  5%) committed 

Chunk freelists:
   Non-Class:  384 bytes
       Class:  896 bytes
        Both:  1.25 KB

CodeHeap 'non-profiled nmethods': size=120000Kb used=3125Kb max_used=3125Kb free=116874Kb
 bounds [0x000001b216790000, 0x000001b216aa0000, 0x000001b21dcc0000]
CodeHeap 'profiled nmethods': size=120000Kb used=14990Kb max_used=14990Kb free=105009Kb
 bounds [0x000001b20f260000, 0x000001b210110000, 0x000001b216790000]
CodeHeap 'non-nmethods': size=5760Kb used=1222Kb max_used=1283Kb free=4537Kb
 bounds [0x000001b20ecc0000, 0x000001b20ef30000, 0x000001b20f260000]
 total_blobs=6657 nmethods=6062 adapters=508
 compilation: enabled
              stopped_count=0, restarted_count=0
 full_count=0

Compilation events (10 events):
Event: 12.712 Thread 0x000001b221958800 6117       2       org.eclipse.jdt.internal.compiler.ast.SingleMemberAnnotation::<init> (23 bytes)
Event: 12.712 Thread 0x000001b221958800 nmethod 6117 0x000001b2100f1d90 code [0x000001b2100f1f20, 0x000001b2100f2098]
Event: 12.715 Thread 0x000001b221958800 6118       1       org.eclipse.jdt.internal.compiler.ASTVisitor::visit (2 bytes)
Event: 12.716 Thread 0x000001b221958800 nmethod 6118 0x000001b216a8c110 code [0x000001b216a8c2a0, 0x000001b216a8c358]
Event: 12.716 Thread 0x000001b221958800 6119       2       lombok.eclipse.EclipseNode::getModifiers (98 bytes)
Event: 12.718 Thread 0x000001b221958800 nmethod 6119 0x000001b2100f2190 code [0x000001b2100f2380, 0x000001b2100f2998]
Event: 12.718 Thread 0x000001b221958800 6120       1       lombok.core.handlers.InclusionExclusionUtils$Included::isDefaultInclude (5 bytes)
Event: 12.718 Thread 0x000001b221958800 nmethod 6120 0x000001b216a8c410 code [0x000001b216a8c5a0, 0x000001b216a8c658]
Event: 12.718 Thread 0x000001b221958800 6121       2       org.eclipse.jdt.internal.compiler.ast.MethodDeclaration::<init> (18 bytes)
Event: 12.719 Thread 0x000001b221958800 nmethod 6121 0x000001b2100f2d10 code [0x000001b2100f2ea0, 0x000001b2100f2fd8]

GC Heap History (10 events):
Event: 11.395 GC heap before
{Heap before GC invocations=28 (full 2):
 PSYoungGen      total 21504K, used 21148K [0x00000000eab00000, 0x00000000ec180000, 0x0000000100000000)
  eden space 20480K, 99% used [0x00000000eab00000,0x00000000ebef1e48,0x00000000ebf00000)
  from space 1024K, 70% used [0x00000000ec000000,0x00000000ec0b5460,0x00000000ec100000)
  to   space 512K, 0% used [0x00000000ec100000,0x00000000ec100000,0x00000000ec180000)
 ParOldGen       total 68608K, used 36700K [0x00000000c0000000, 0x00000000c4300000, 0x00000000eab00000)
  object space 68608K, 53% used [0x00000000c0000000,0x00000000c23d71f0,0x00000000c4300000)
 Metaspace       used 48915K, capacity 51929K, committed 51968K, reserved 1095680K
  class space    used 5023K, capacity 6110K, committed 6144K, reserved 1048576K
}
Event: 11.399 GC heap after
{Heap after GC invocations=28 (full 2):
 PSYoungGen      total 20992K, used 496K [0x00000000eab00000, 0x00000000ec200000, 0x0000000100000000)
  eden space 20480K, 0% used [0x00000000eab00000,0x00000000eab00000,0x00000000ebf00000)
  from space 512K, 96% used [0x00000000ec100000,0x00000000ec17c010,0x00000000ec180000)
  to   space 1536K, 0% used [0x00000000ebf00000,0x00000000ebf00000,0x00000000ec080000)
 ParOldGen       total 68608K, used 37413K [0x00000000c0000000, 0x00000000c4300000, 0x00000000eab00000)
  object space 68608K, 54% used [0x00000000c0000000,0x00000000c2489520,0x00000000c4300000)
 Metaspace       used 48915K, capacity 51929K, committed 51968K, reserved 1095680K
  class space    used 5023K, capacity 6110K, committed 6144K, reserved 1048576K
}
Event: 11.730 GC heap before
{Heap before GC invocations=29 (full 2):
 PSYoungGen      total 20992K, used 20976K [0x00000000eab00000, 0x00000000ec200000, 0x0000000100000000)
  eden space 20480K, 100% used [0x00000000eab00000,0x00000000ebf00000,0x00000000ebf00000)
  from space 512K, 96% used [0x00000000ec100000,0x00000000ec17c010,0x00000000ec180000)
  to   space 1536K, 0% used [0x00000000ebf00000,0x00000000ebf00000,0x00000000ec080000)
 ParOldGen       total 68608K, used 37413K [0x00000000c0000000, 0x00000000c4300000, 0x00000000eab00000)
  object space 68608K, 54% used [0x00000000c0000000,0x00000000c2489520,0x00000000c4300000)
 Metaspace       used 50474K, capacity 53461K, committed 53632K, reserved 1097728K
  class space    used 5140K, capacity 6217K, committed 6272K, reserved 1048576K
}
Event: 11.733 GC heap after
{Heap after GC invocations=29 (full 2):
 PSYoungGen      total 22016K, used 1522K [0x00000000eab00000, 0x00000000ec600000, 0x0000000100000000)
  eden space 20480K, 0% used [0x00000000eab00000,0x00000000eab00000,0x00000000ebf00000)
  from space 1536K, 99% used [0x00000000ebf00000,0x00000000ec07ca38,0x00000000ec080000)
  to   space 3584K, 0% used [0x00000000ec280000,0x00000000ec280000,0x00000000ec600000)
 ParOldGen       total 68608K, used 39027K [0x00000000c0000000, 0x00000000c4300000, 0x00000000eab00000)
  object space 68608K, 56% used [0x00000000c0000000,0x00000000c261ceb0,0x00000000c4300000)
 Metaspace       used 50474K, capacity 53461K, committed 53632K, reserved 1097728K
  class space    used 5140K, capacity 6217K, committed 6272K, reserved 1048576K
}
Event: 11.973 GC heap before
{Heap before GC invocations=30 (full 2):
 PSYoungGen      total 22016K, used 22002K [0x00000000eab00000, 0x00000000ec600000, 0x0000000100000000)
  eden space 20480K, 100% used [0x00000000eab00000,0x00000000ebf00000,0x00000000ebf00000)
  from space 1536K, 99% used [0x00000000ebf00000,0x00000000ec07ca38,0x00000000ec080000)
  to   space 3584K, 0% used [0x00000000ec280000,0x00000000ec280000,0x00000000ec600000)
 ParOldGen       total 68608K, used 39027K [0x00000000c0000000, 0x00000000c4300000, 0x00000000eab00000)
  object space 68608K, 56% used [0x00000000c0000000,0x00000000c261ceb0,0x00000000c4300000)
 Metaspace       used 51537K, capacity 54552K, committed 54784K, reserved 1097728K
  class space    used 5198K, capacity 6282K, committed 6400K, reserved 1048576K
}
Event: 11.979 GC heap after
{Heap after GC invocations=30 (full 2):
 PSYoungGen      total 22528K, used 1611K [0x00000000eab00000, 0x00000000ec480000, 0x0000000100000000)
  eden space 20480K, 0% used [0x00000000eab00000,0x00000000eab00000,0x00000000ebf00000)
  from space 2048K, 78% used [0x00000000ec280000,0x00000000ec412f30,0x00000000ec480000)
  to   space 2560K, 0% used [0x00000000ebf80000,0x00000000ebf80000,0x00000000ec200000)
 ParOldGen       total 68608K, used 40520K [0x00000000c0000000, 0x00000000c4300000, 0x00000000eab00000)
  object space 68608K, 59% used [0x00000000c0000000,0x00000000c27923f8,0x00000000c4300000)
 Metaspace       used 51537K, capacity 54552K, committed 54784K, reserved 1097728K
  class space    used 5198K, capacity 6282K, committed 6400K, reserved 1048576K
}
Event: 12.365 GC heap before
{Heap before GC invocations=31 (full 2):
 PSYoungGen      total 22528K, used 22091K [0x00000000eab00000, 0x00000000ec480000, 0x0000000100000000)
  eden space 20480K, 100% used [0x00000000eab00000,0x00000000ebf00000,0x00000000ebf00000)
  from space 2048K, 78% used [0x00000000ec280000,0x00000000ec412f30,0x00000000ec480000)
  to   space 2560K, 0% used [0x00000000ebf80000,0x00000000ebf80000,0x00000000ec200000)
 ParOldGen       total 68608K, used 40520K [0x00000000c0000000, 0x00000000c4300000, 0x00000000eab00000)
  object space 68608K, 59% used [0x00000000c0000000,0x00000000c27923f8,0x00000000c4300000)
 Metaspace       used 53021K, capacity 56159K, committed 56448K, reserved 1099776K
  class space    used 5343K, capacity 6411K, committed 6528K, reserved 1048576K
}
Event: 12.368 GC heap after
{Heap after GC invocations=31 (full 2):
 PSYoungGen      total 21504K, used 544K [0x00000000eab00000, 0x00000000ec300000, 0x0000000100000000)
  eden space 20480K, 0% used [0x00000000eab00000,0x00000000eab00000,0x00000000ebf00000)
  from space 1024K, 53% used [0x00000000ebf80000,0x00000000ec008000,0x00000000ec080000)
  to   space 1536K, 0% used [0x00000000ec180000,0x00000000ec180000,0x00000000ec300000)
 ParOldGen       total 68608K, used 40829K [0x00000000c0000000, 0x00000000c4300000, 0x00000000eab00000)
  object space 68608K, 59% used [0x00000000c0000000,0x00000000c27df478,0x00000000c4300000)
 Metaspace       used 53021K, capacity 56159K, committed 56448K, reserved 1099776K
  class space    used 5343K, capacity 6411K, committed 6528K, reserved 1048576K
}
Event: 12.653 GC heap before
{Heap before GC invocations=32 (full 2):
 PSYoungGen      total 21504K, used 21024K [0x00000000eab00000, 0x00000000ec300000, 0x0000000100000000)
  eden space 20480K, 100% used [0x00000000eab00000,0x00000000ebf00000,0x00000000ebf00000)
  from space 1024K, 53% used [0x00000000ebf80000,0x00000000ec008000,0x00000000ec080000)
  to   space 1536K, 0% used [0x00000000ec180000,0x00000000ec180000,0x00000000ec300000)
 ParOldGen       total 68608K, used 40829K [0x00000000c0000000, 0x00000000c4300000, 0x00000000eab00000)
  object space 68608K, 59% used [0x00000000c0000000,0x00000000c27df478,0x00000000c4300000)
 Metaspace       used 53339K, capacity 56372K, committed 56704K, reserved 1099776K
  class space    used 5358K, capacity 6414K, committed 6528K, reserved 1048576K
}
Event: 12.665 GC heap after
{Heap after GC invocations=32 (full 2):
 PSYoungGen      total 21504K, used 976K [0x00000000eab00000, 0x00000000ec280000, 0x0000000100000000)
  eden space 20480K, 0% used [0x00000000eab00000,0x00000000eab00000,0x00000000ebf00000)
  from space 1024K, 95% used [0x00000000ec180000,0x00000000ec274010,0x00000000ec280000)
  to   space 1536K, 0% used [0x00000000ebf80000,0x00000000ebf80000,0x00000000ec100000)
 ParOldGen       total 68608K, used 41277K [0x00000000c0000000, 0x00000000c4300000, 0x00000000eab00000)
  object space 68608K, 60% used [0x00000000c0000000,0x00000000c284f478,0x00000000c4300000)
 Metaspace       used 53339K, capacity 56372K, committed 56704K, reserved 1099776K
  class space    used 5358K, capacity 6414K, committed 6528K, reserved 1048576K
}

Deoptimization events (10 events):
Event: 11.118 Thread 0x000001b223a5d800 Uncommon trap: reason=unstable_if action=reinterpret pc=0x000001b2169944c8 method=java.util.concurrent.locks.AbstractQueuedSynchronizer.release(I)Z @ 14 c2
Event: 11.119 Thread 0x000001b223a5d000 Uncommon trap: reason=unstable_if action=reinterpret pc=0x000001b2169ad974 method=java.util.concurrent.locks.AbstractQueuedSynchronizer.release(I)Z @ 14 c2
Event: 11.119 Thread 0x000001b2310c6800 Uncommon trap: reason=unstable_if action=reinterpret pc=0x000001b2169ad974 method=java.util.concurrent.locks.AbstractQueuedSynchronizer.release(I)Z @ 14 c2
Event: 11.119 Thread 0x000001b223a5f800 Uncommon trap: reason=unstable_if action=reinterpret pc=0x000001b2169ad974 method=java.util.concurrent.locks.AbstractQueuedSynchronizer.release(I)Z @ 14 c2
Event: 11.684 Thread 0x000001b2231a2000 Uncommon trap: reason=unstable_if action=reinterpret pc=0x000001b21692dea8 method=jdk.internal.jimage.ImageLocation.verify(Ljava/lang/String;[JLjdk/internal/jimage/ImageStrings;)Z @ 73 c2
Event: 11.684 Thread 0x000001b2231a2000 Uncommon trap: reason=unstable_if action=reinterpret pc=0x000001b21690c530 method=jdk.internal.jrtfs.JrtFileSystem.checkNode(Ljdk/internal/jrtfs/JrtPath;)Ljdk/internal/jimage/ImageReader$Node; @ 16 c2
Event: 11.686 Thread 0x000001b2231a2000 Uncommon trap: reason=unstable_if action=reinterpret pc=0x000001b21695b560 method=java.util.zip.ZipFile.getZipEntry(Ljava/lang/String;[BILjava/util/function/Function;)Ljava/util/zip/ZipEntry; @ 52 c2
Event: 11.791 Thread 0x000001b2231a2000 Uncommon trap: reason=class_check action=maybe_recompile pc=0x000001b2169b8ce0 method=java.util.regex.Pattern.curly(Ljava/util/regex/Pattern$Node;I)Ljava/util/regex/Pattern$Node; @ 80 c2
Event: 11.864 Thread 0x000001b2231a2000 Uncommon trap: reason=unstable_if action=reinterpret pc=0x000001b216a77074 method=org.objectweb.asm.Label.resolve([BI)Z @ 80 c2
Event: 12.192 Thread 0x000001b2227fe000 Uncommon trap: reason=unstable_fused_if action=reinterpret pc=0x000001b216a3e2bc method=org.eclipse.core.internal.jobs.InternalJob.getState()I @ 10 c2

Classes redefined (0 events):
No events

Internal exceptions (10 events):
Event: 12.716 Thread 0x000001b2231a2000 Implicit null exception at 0x000001b21008d5f1 to 0x000001b21008d73c
Event: 12.716 Thread 0x000001b2231a2000 Exception <a 'java/lang/NullPointerException'{0x00000000eb1df808}> (0x00000000eb1df808) thrown at [./open/src/hotspot/share/runtime/sharedRuntime.cpp, line 606]
Event: 12.716 Thread 0x000001b2231a2000 Implicit null exception at 0x000001b21008d5f1 to 0x000001b21008d73c
Event: 12.716 Thread 0x000001b2231a2000 Exception <a 'java/lang/NullPointerException'{0x00000000eb1e0df0}> (0x00000000eb1e0df0) thrown at [./open/src/hotspot/share/runtime/sharedRuntime.cpp, line 606]
Event: 12.716 Thread 0x000001b2231a2000 Implicit null exception at 0x000001b21008d5f1 to 0x000001b21008d73c
Event: 12.716 Thread 0x000001b2231a2000 Exception <a 'java/lang/NullPointerException'{0x00000000eb1e23d8}> (0x00000000eb1e23d8) thrown at [./open/src/hotspot/share/runtime/sharedRuntime.cpp, line 606]
Event: 12.716 Thread 0x000001b2231a2000 Implicit null exception at 0x000001b21008d5f1 to 0x000001b21008d73c
Event: 12.716 Thread 0x000001b2231a2000 Exception <a 'java/lang/NullPointerException'{0x00000000eb1e3a10}> (0x00000000eb1e3a10) thrown at [./open/src/hotspot/share/runtime/sharedRuntime.cpp, line 606]
Event: 12.716 Thread 0x000001b2231a2000 Implicit null exception at 0x000001b21008d5f1 to 0x000001b21008d73c
Event: 12.716 Thread 0x000001b2231a2000 Exception <a 'java/lang/NullPointerException'{0x00000000eb1e4ff8}> (0x00000000eb1e4ff8) thrown at [./open/src/hotspot/share/runtime/sharedRuntime.cpp, line 606]

Events (10 events):
Event: 12.555 Executing VM operation: RevokeBias done
Event: 12.555 Thread 0x000001b2310c2800 Thread exited: 0x000001b2310c2800
Event: 12.578 Executing VM operation: RevokeBias
Event: 12.578 Executing VM operation: RevokeBias done
Event: 12.579 Thread 0x000001b2310c6800 Thread exited: 0x000001b2310c6800
Event: 12.593 Executing VM operation: RevokeBias
Event: 12.593 Executing VM operation: RevokeBias done
Event: 12.593 Thread 0x000001b223a5e800 Thread exited: 0x000001b223a5e800
Event: 12.653 Executing VM operation: ParallelGCFailedAllocation
Event: 12.665 Executing VM operation: ParallelGCFailedAllocation done


Dynamic libraries:
0x00007ff6e6be0000 - 0x00007ff6e6bef000 	C:\Program Files\Java\jdk-11.0.11\bin\java.exe
0x00007ffa3e7d0000 - 0x00007ffa3e9c5000 	C:\WINDOWS\SYSTEM32\ntdll.dll
0x00007ffa3d400000 - 0x00007ffa3d4be000 	C:\WINDOWS\System32\KERNEL32.DLL
0x00007ffa3c1c0000 - 0x00007ffa3c489000 	C:\WINDOWS\System32\KERNELBASE.dll
0x00007ffa3c680000 - 0x00007ffa3c780000 	C:\WINDOWS\System32\ucrtbase.dll
0x00007ffa118d0000 - 0x00007ffa118e5000 	C:\Program Files\Java\jdk-11.0.11\bin\VCRUNTIME140.dll
0x00007ffa128d0000 - 0x00007ffa128e8000 	C:\Program Files\Java\jdk-11.0.11\bin\jli.dll
0x00007ffa3db30000 - 0x00007ffa3dbdc000 	C:\WINDOWS\System32\ADVAPI32.dll
0x00007ffa3da90000 - 0x00007ffa3db2e000 	C:\WINDOWS\System32\msvcrt.dll
0x00007ffa3c820000 - 0x00007ffa3c8bb000 	C:\WINDOWS\System32\sechost.dll
0x00007ffa3de90000 - 0x00007ffa3dfba000 	C:\WINDOWS\System32\RPCRT4.dll
0x00007ffa3cb10000 - 0x00007ffa3ccb1000 	C:\WINDOWS\System32\USER32.dll
0x00007ffa3c190000 - 0x00007ffa3c1b2000 	C:\WINDOWS\System32\win32u.dll
0x00007ffa3de60000 - 0x00007ffa3de8b000 	C:\WINDOWS\System32\GDI32.dll
0x00007ffa3c080000 - 0x00007ffa3c18b000 	C:\WINDOWS\System32\gdi32full.dll
0x00007ffa3c780000 - 0x00007ffa3c81d000 	C:\WINDOWS\System32\msvcp_win.dll
0x00007ffa272a0000 - 0x00007ffa2753a000 	C:\WINDOWS\WinSxS\amd64_microsoft.windows.common-controls_6595b64144ccf1df_6.0.19041.1110_none_60b5254171f9507e\COMCTL32.dll
0x00007ffa2a3c0000 - 0x00007ffa2a3ca000 	C:\WINDOWS\SYSTEM32\VERSION.dll
0x00007ffa3dfc0000 - 0x00007ffa3dff0000 	C:\WINDOWS\System32\IMM32.DLL
0x00007ff9f9230000 - 0x00007ff9f92cb000 	C:\Program Files\Java\jdk-11.0.11\bin\msvcp140.dll
0x00007ff9d2620000 - 0x00007ff9d311e000 	C:\Program Files\Java\jdk-11.0.11\bin\server\jvm.dll
0x00007ffa3d4c0000 - 0x00007ffa3d4c8000 	C:\WINDOWS\System32\PSAPI.DLL
0x00007ffa28bf0000 - 0x00007ffa28c17000 	C:\WINDOWS\SYSTEM32\WINMM.dll
0x00007ffa27290000 - 0x00007ffa27299000 	C:\WINDOWS\SYSTEM32\WSOCK32.dll
0x00007ffa3d4d0000 - 0x00007ffa3d53b000 	C:\WINDOWS\System32\WS2_32.dll
0x00007ffa39df0000 - 0x00007ffa39e02000 	C:\WINDOWS\SYSTEM32\kernel.appcore.dll
0x00007ffa37a60000 - 0x00007ffa37a70000 	C:\Program Files\Java\jdk-11.0.11\bin\verify.dll
0x00007ffa36c60000 - 0x00007ffa36e44000 	C:\WINDOWS\SYSTEM32\DBGHELP.DLL
0x00007ffa26ae0000 - 0x00007ffa26b0c000 	C:\WINDOWS\SYSTEM32\dbgcore.DLL
0x00007ffa3c5f0000 - 0x00007ffa3c673000 	C:\WINDOWS\System32\bcryptPrimitives.dll
0x00007ffa0f2d0000 - 0x00007ffa0f2f8000 	C:\Program Files\Java\jdk-11.0.11\bin\java.dll
0x00007ffa33a80000 - 0x00007ffa33a8a000 	C:\Program Files\Java\jdk-11.0.11\bin\jimage.dll
0x00007ffa34220000 - 0x00007ffa3422e000 	C:\Program Files\Java\jdk-11.0.11\bin\instrument.dll
0x00007ffa04370000 - 0x00007ffa04386000 	C:\Program Files\Java\jdk-11.0.11\bin\zip.dll
0x00007ffa3ccc0000 - 0x00007ffa3d3ff000 	C:\WINDOWS\System32\SHELL32.dll
0x00007ffa39ff0000 - 0x00007ffa3a780000 	C:\WINDOWS\SYSTEM32\windows.storage.dll
0x00007ffa3d6c0000 - 0x00007ffa3da15000 	C:\WINDOWS\System32\combase.dll
0x00007ffa3b940000 - 0x00007ffa3b96c000 	C:\WINDOWS\SYSTEM32\Wldp.dll
0x00007ffa3ca40000 - 0x00007ffa3caee000 	C:\WINDOWS\System32\SHCORE.dll
0x00007ffa3c920000 - 0x00007ffa3c975000 	C:\WINDOWS\System32\shlwapi.dll
0x00007ffa3be30000 - 0x00007ffa3be4f000 	C:\WINDOWS\SYSTEM32\profapi.dll
0x00007ffa0fac0000 - 0x00007ffa0fad9000 	C:\Program Files\Java\jdk-11.0.11\bin\net.dll
0x00007ffa2d640000 - 0x00007ffa2d748000 	C:\WINDOWS\SYSTEM32\WINHTTP.dll
0x00007ffa3b6a0000 - 0x00007ffa3b70a000 	C:\WINDOWS\system32\mswsock.dll
0x00007ffa03df0000 - 0x00007ffa03e02000 	C:\Program Files\Java\jdk-11.0.11\bin\nio.dll
0x00007ffa334c0000 - 0x00007ffa334cd000 	C:\Program Files\Java\jdk-11.0.11\bin\sunmscapi.dll
0x00007ffa3c490000 - 0x00007ffa3c5e6000 	C:\WINDOWS\System32\CRYPT32.dll
0x00007ffa3b9b0000 - 0x00007ffa3b9d7000 	C:\WINDOWS\SYSTEM32\ncrypt.dll
0x00007ffa3b970000 - 0x00007ffa3b9ab000 	C:\WINDOWS\SYSTEM32\NTASN1.dll
0x00007ffa17a00000 - 0x00007ffa17a25000 	C:\Program Files\Java\jdk-11.0.11\bin\sunec.dll
0x00007ffa3b8a0000 - 0x00007ffa3b8b8000 	C:\WINDOWS\SYSTEM32\CRYPTSP.dll
0x00007ffa3af50000 - 0x00007ffa3af84000 	C:\WINDOWS\system32\rsaenh.dll
0x00007ffa3bff0000 - 0x00007ffa3c017000 	C:\WINDOWS\System32\bcrypt.dll
0x00007ffa3bdb0000 - 0x00007ffa3bdde000 	C:\WINDOWS\SYSTEM32\USERENV.dll
0x00007ffa3b890000 - 0x00007ffa3b89c000 	C:\WINDOWS\SYSTEM32\CRYPTBASE.dll
0x00007ffa3b320000 - 0x00007ffa3b35b000 	C:\WINDOWS\SYSTEM32\IPHLPAPI.DLL
0x00007ffa3c980000 - 0x00007ffa3c988000 	C:\WINDOWS\System32\NSI.dll
0x00007ffa32ae0000 - 0x00007ffa32af7000 	C:\WINDOWS\SYSTEM32\dhcpcsvc6.DLL
0x00007ffa32ac0000 - 0x00007ffa32add000 	C:\WINDOWS\SYSTEM32\dhcpcsvc.DLL
0x00007ffa3b360000 - 0x00007ffa3b42c000 	C:\WINDOWS\SYSTEM32\DNSAPI.dll
0x00007ffa029b0000 - 0x00007ffa029ee000 	C:\Users\YUJUN\AppData\Roaming\Code\User\globalStorage\redhat.java\0.82.0\config_win\org.eclipse.equinox.launcher\org.eclipse.equinox.launcher.win32.win32.x86_64_1.2.300.v20210828-0802\eclipse_11506.dll
0x00007ffa3e160000 - 0x00007ffa3e28a000 	C:\WINDOWS\System32\ole32.dll
0x00007ffa34200000 - 0x00007ffa34211000 	C:\Users\YUJUN\AppData\Roaming\Code\User\globalStorage\redhat.java\0.82.0\config_win\org.eclipse.osgi\22\0\.cp\jWinHttp-1.0.0.dll

dbghelp: loaded successfully - version: 4.0.5 - missing functions: none
symbol engine: initialized successfully - sym options: 0x614 - pdb path: .;C:\Program Files\Java\jdk-11.0.11\bin;C:\WINDOWS\SYSTEM32;C:\WINDOWS\WinSxS\amd64_microsoft.windows.common-controls_6595b64144ccf1df_6.0.19041.1110_none_60b5254171f9507e;C:\Program Files\Java\jdk-11.0.11\bin\server;C:\Users\YUJUN\AppData\Roaming\Code\User\globalStorage\redhat.java\0.82.0\config_win\org.eclipse.equinox.launcher\org.eclipse.equinox.launcher.win32.win32.x86_64_1.2.300.v20210828-0802;C:\Users\YUJUN\AppData\Roaming\Code\User\globalStorage\redhat.java\0.82.0\config_win\org.eclipse.osgi\22\0\.cp

VM Arguments:
jvm_args: --add-modules=ALL-SYSTEM --add-opens=java.base/java.util=ALL-UNNAMED --add-opens=java.base/java.lang=ALL-UNNAMED -Declipse.application=org.eclipse.jdt.ls.core.id1 -Dosgi.bundles.defaultStartLevel=4 -Declipse.product=org.eclipse.jdt.ls.core.product -Dfile.encoding=utf8 -DwatchParentProcess=false -XX:+UseParallelGC -XX:GCTimeRatio=4 -XX:AdaptiveSizePolicyWeight=90 -Dsun.zip.disableMemoryMapping=true -Xmx1G -Xms100m -javaagent:c:\Users\YUJUN\.vscode\extensions\gabrielbb.vscode-lombok-1.0.1\server\lombok.jar -Xverify:none 
java_command: c:\Users\YUJUN\.vscode\extensions\redhat.java-0.82.0\server\plugins\org.eclipse.equinox.launcher_1.6.300.v20210813-1054.jar -configuration c:\Users\YUJUN\AppData\Roaming\Code\User\globalStorage\redhat.java\0.82.0\config_win -data c:\Users\YUJUN\AppData\Roaming\Code\User\workspaceStorage\b085e32addfbc594a8c256f767eaed24\redhat.java\jdt_ws
java_class_path (initial): c:\Users\YUJUN\.vscode\extensions\redhat.java-0.82.0\server\plugins\org.eclipse.equinox.launcher_1.6.300.v20210813-1054.jar
Launcher Type: SUN_STANDARD

[Global flags]
    uintx AdaptiveSizePolicyWeight                 = 90                                        {product} {command line}
     bool BytecodeVerificationLocal                = false                                     {product} {command line}
     bool BytecodeVerificationRemote               = false                                     {product} {command line}
     intx CICompilerCount                          = 4                                         {product} {ergonomic}
    uintx GCTimeRatio                              = 4                                         {product} {command line}
   size_t InitialHeapSize                          = 104857600                                 {product} {command line}
   size_t MaxHeapSize                              = 1073741824                                {product} {command line}
   size_t MaxNewSize                               = 357564416                                 {product} {ergonomic}
   size_t MinHeapDeltaBytes                        = 524288                                    {product} {ergonomic}
   size_t NewSize                                  = 34603008                                  {product} {ergonomic}
    uintx NonNMethodCodeHeapSize                   = 5836300                                {pd product} {ergonomic}
    uintx NonProfiledCodeHeapSize                  = 122910970                              {pd product} {ergonomic}
   size_t OldSize                                  = 70254592                                  {product} {ergonomic}
    uintx ProfiledCodeHeapSize                     = 122910970                              {pd product} {ergonomic}
    uintx ReservedCodeCacheSize                    = 251658240                              {pd product} {ergonomic}
     bool SegmentedCodeCache                       = true                                      {product} {ergonomic}
     bool UseCompressedClassPointers               = true                                 {lp64_product} {ergonomic}
     bool UseCompressedOops                        = true                                 {lp64_product} {ergonomic}
     bool UseLargePagesIndividualAllocation        = false                                  {pd product} {ergonomic}
     bool UseParallelGC                            = true                                      {product} {command line}

Logging:
Log output configuration:
 #0: stdout all=warning uptime,level,tags
 #1: stderr all=off uptime,level,tags

Environment Variables:
JAVA_HOME=C:\Program Files\Java\jdk-11.0.11
JRE_HOME=C:\Program Files\Java\jre1.8.0_171
CLASSPATH=C:\Program Files\Java\jdk-11.0.11\lib\tools.jar
PATH=C:\Program Files\Common Files\Oracle\Java\javapath;C:\ProgramData\DockerDesktop\version-bin;C:\Program Files\Docker\Docker\Resources\bin;C:\app\YUJUN\product\11.2.0\dbhome_1\bin;C:\Program Files (x86)\Common Files\Oracle\Java\javapath;C:\Program Files (x86)\Intel\iCLS Client\;C:\Program Files\Intel\iCLS Client\;C:\WINDOWS\system32;C:\WINDOWS;C:\WINDOWS\System32\Wbem;C:\WINDOWS\System32\WindowsPowerShell\v1.0\;C:\WINDOWS\System32\OpenSSH\;C:\Program Files (x86)\Intel\Intel(R) Management Engine Components\DAL;C:\Program Files\Intel\Intel(R) Management Engine Components\DAL;C:\Program Files (x86)\Intel\Intel(R) Management Engine Components\IPT;C:\Program Files\Intel\Intel(R) Management Engine Components\IPT;C:\Program Files\Intel\WiFi\bin\;C:\Program Files\Common Files\Intel\WirelessCommon\;C:\Program Files\Java\jdk-11.0.11\bin;C:\Program Files\PuTTY\;C:\Program Files\MySQL\MySQL Server 5.5\bin;C:\Program Files\Git\cmd;C:\Program Files\Calibre2\;C:\Program Files\dotnet\;C:\Program Files\nodejs\;C:\Users\YUJUN\AppData\Local\Programs\Python\Python37\Scripts\;C:\Users\YUJUN\AppData\Local\Programs\Python\Python37\;C:\Users\YUJUN\AppData\Local\Microsoft\WindowsApps;C:\Program Files\Intel\WiFi\bin\;C:\Program Files\Common Files\Intel\WirelessCommon\;C:\Program Files\Bandizip\;C:\Users\YUJUN\AppData\Local\Microsoft\WindowsApps;;C:\Program Files\JetBrains\PyCharm Community Edition 2020.2.3\bin;;C:\Program Files\heroku\bin;C:\Users\YUJUN\AppData\Roaming\npm
USERNAME=YUJUN
OS=Windows_NT
PROCESSOR_IDENTIFIER=Intel64 Family 6 Model 142 Stepping 10, GenuineIntel



---------------  S Y S T E M  ---------------

OS: Windows 10 , 64 bit Build 19041 (10.0.19041.1202)

CPU:total 8 (initial active 8) (4 cores per cpu, 2 threads per core) family 6 model 142 stepping 10 microcode 0xb4, cmov, cx8, fxsr, mmx, sse, sse2, sse3, ssse3, sse4.1, sse4.2, popcnt, avx, avx2, aes, clmul, erms, 3dnowpref, lzcnt, ht, tsc, tscinvbit, bmi1, bmi2, adx, fma

Memory: 4k page, system-wide physical 16217M (3789M free)
TotalPageFile size 16217M (AvailPageFile size 14M)
current process WorkingSet (physical memory assigned to process): 258M, peak: 268M
current process commit charge ("private bytes"): 339M, peak: 349M

vm_info: Java HotSpot(TM) 64-Bit Server VM (11.0.11+9-LTS-194) for windows-amd64 JRE (11.0.11+9-LTS-194), built on Mar 18 2021 18:46:53 by "mach5one" with MS VC++ 15.9 (VS2017)

END.
