#
# There is insufficient memory for the Java Runtime Environment to continue.
# Native memory allocation (malloc) failed to allocate 1265136 bytes for Chunk::new
# Possible reasons:
#   The system is out of physical RAM or swap space
#   The process is running with CompressedOops enabled, and the Java Heap may be blocking the growth of the native heap
# Possible solutions:
#   Reduce memory load on the system
#   Increase physical memory or swap space
#   Check if swap backing store is full
#   Decrease Java heap size (-Xmx/-Xms)
#   Decrease number of Java threads
#   Decrease Java thread stack sizes (-Xss)
#   Set larger code cache with -XX:ReservedCodeCacheSize=
#   JVM is running with Zero Based Compressed Oops mode in which the Java heap is
#     placed in the first 32GB address space. The Java Heap base address is the
#     maximum limit for the native heap growth. Please use -XX:HeapBaseMinAddress
#     to set the Java Heap base and to place the Java Heap above 32GB virtual address.
# This output file may be truncated or incomplete.
#
#  Out of Memory Error (./open/src/hotspot/share/memory/arena.cpp:197), pid=12204, tid=32024
#
# JRE version: Java(TM) SE Runtime Environment 18.9 (11.0.11+9) (build 11.0.11+9-LTS-194)
# Java VM: Java HotSpot(TM) 64-Bit Server VM 18.9 (11.0.11+9-LTS-194, mixed mode, tiered, compressed oops, g1 gc, windows-amd64)
# No core dump will be written. Minidumps are not enabled by default on client versions of Windows
#

---------------  S U M M A R Y ------------

Command Line: -Dfile.encoding=UTF-8 com.douzone.mehago.MehagoApplication

Host: Intel(R) Core(TM) i5-8250U CPU @ 1.60GHz, 8 cores, 15G,  Windows 10 , 64 bit Build 19041 (10.0.19041.1202)
Time: Thu Oct  7 14:36:34 2021 대한민국 표준시 elapsed time: 1.836993 seconds (0d 0h 0m 1s)

---------------  T H R E A D  ---------------

Current thread (0x0000024f9305e800):  JavaThread "C2 CompilerThread0" daemon [_thread_in_native, id=32024, stack(0x000000d4fb100000,0x000000d4fb200000)]


Current CompileTask:
C2:   1837 1830   !   4       java.net.URL::<init> (543 bytes)

Stack: [0x000000d4fb100000,0x000000d4fb200000]
Native frames: (J=compiled Java code, j=interpreted, Vv=VM code, C=native code)
V  [jvm.dll+0x616f2a]
V  [jvm.dll+0x74de7f]
V  [jvm.dll+0x74f505]
V  [jvm.dll+0x74fb83]
V  [jvm.dll+0x2436d8]
V  [jvm.dll+0xba68c]
V  [jvm.dll+0xbad8c]
V  [jvm.dll+0x3462b7]
V  [jvm.dll+0x193fc1]
V  [jvm.dll+0x1fd152]
V  [jvm.dll+0x1fc22f]
V  [jvm.dll+0x17f0bc]
V  [jvm.dll+0x20b68c]
V  [jvm.dll+0x20978b]
V  [jvm.dll+0x7152c9]
V  [jvm.dll+0x70dfc4]
V  [jvm.dll+0x6160f6]
C  [ucrtbase.dll+0x21bb2]
C  [KERNEL32.DLL+0x17034]
C  [ntdll.dll+0x52651]


---------------  P R O C E S S  ---------------

Threads class SMR info:
_java_thread_list=0x0000024f95c1fb50, length=14, elements={
0x0000024fee9b0800, 0x0000024fff413800, 0x0000024fff415800, 0x0000024f93057800,
0x0000024f9305b800, 0x0000024f9305e800, 0x0000024f93063800, 0x0000024f93067000,
0x0000024f931e3800, 0x0000024f931e6800, 0x0000024f93db2000, 0x0000024f93ff7800,
0x0000024f93ece000, 0x0000024f9415a000
}

Java Threads: ( => current thread )
  0x0000024fee9b0800 JavaThread "main" [_thread_blocked, id=13464, stack(0x000000d4fa600000,0x000000d4fa700000)]
  0x0000024fff413800 JavaThread "Reference Handler" daemon [_thread_blocked, id=43240, stack(0x000000d4fad00000,0x000000d4fae00000)]
  0x0000024fff415800 JavaThread "Finalizer" daemon [_thread_blocked, id=9140, stack(0x000000d4fae00000,0x000000d4faf00000)]
  0x0000024f93057800 JavaThread "Signal Dispatcher" daemon [_thread_blocked, id=42324, stack(0x000000d4faf00000,0x000000d4fb000000)]
  0x0000024f9305b800 JavaThread "Attach Listener" daemon [_thread_blocked, id=20596, stack(0x000000d4fb000000,0x000000d4fb100000)]
=>0x0000024f9305e800 JavaThread "C2 CompilerThread0" daemon [_thread_in_native, id=32024, stack(0x000000d4fb100000,0x000000d4fb200000)]
  0x0000024f93063800 JavaThread "C1 CompilerThread0" daemon [_thread_in_native, id=28580, stack(0x000000d4fb200000,0x000000d4fb300000)]
  0x0000024f93067000 JavaThread "Sweeper thread" daemon [_thread_blocked, id=43200, stack(0x000000d4fb300000,0x000000d4fb400000)]
  0x0000024f931e3800 JavaThread "Service Thread" daemon [_thread_blocked, id=43424, stack(0x000000d4fb400000,0x000000d4fb500000)]
  0x0000024f931e6800 JavaThread "Common-Cleaner" daemon [_thread_blocked, id=37580, stack(0x000000d4fb600000,0x000000d4fb700000)]
  0x0000024f93db2000 JavaThread "C2 CompilerThread1" daemon [_thread_in_native, id=42984, stack(0x000000d4fb700000,0x000000d4fb800000)]
  0x0000024f93ff7800 JavaThread "Thread-0" [_thread_blocked, id=32216, stack(0x000000d4fbd00000,0x000000d4fbe00000)]
  0x0000024f93ece000 JavaThread "restartedMain" [_thread_in_Java, id=42928, stack(0x000000d4fbe00000,0x000000d4fbf00000)]
  0x0000024f9415a000 JavaThread "C2 CompilerThread2" daemon [_thread_in_native, id=28988, stack(0x000000d4fc000000,0x000000d4fc100000)]

Other Threads:
  0x0000024fff412800 VMThread "VM Thread" [stack: 0x000000d4fac00000,0x000000d4fad00000] [id=14692]
  0x0000024f931e5800 WatcherThread [stack: 0x000000d4fb500000,0x000000d4fb600000] [id=20872]
  0x0000024fee9c5800 GCTaskThread "GC Thread#0" [stack: 0x000000d4fa700000,0x000000d4fa800000] [id=36652]
  0x0000024f93e87000 GCTaskThread "GC Thread#1" [stack: 0x000000d4fb800000,0x000000d4fb900000] [id=32872]
  0x0000024f93e87800 GCTaskThread "GC Thread#2" [stack: 0x000000d4fb900000,0x000000d4fba00000] [id=22200]
  0x0000024f93dcb000 GCTaskThread "GC Thread#3" [stack: 0x000000d4fba00000,0x000000d4fbb00000] [id=29724]
  0x0000024f93dcc000 GCTaskThread "GC Thread#4" [stack: 0x000000d4fbb00000,0x000000d4fbc00000] [id=35504]
  0x0000024f93de3000 GCTaskThread "GC Thread#5" [stack: 0x000000d4fbc00000,0x000000d4fbd00000] [id=1384]
  0x0000024f94549800 GCTaskThread "GC Thread#6" [stack: 0x000000d4fc100000,0x000000d4fc200000] [id=39372]
  0x0000024f9454a000 GCTaskThread "GC Thread#7" [stack: 0x000000d4fc200000,0x000000d4fc300000] [id=23272]
  0x0000024feea23800 ConcurrentGCThread "G1 Main Marker" [stack: 0x000000d4fa800000,0x000000d4fa900000] [id=34972]
  0x0000024feea24800 ConcurrentGCThread "G1 Conc#0" [stack: 0x000000d4fa900000,0x000000d4faa00000] [id=17156]
  0x0000024f94048800 ConcurrentGCThread "G1 Conc#1" [stack: 0x000000d4fc300000,0x000000d4fc400000] [id=33072]
  0x0000024fff2fd000 ConcurrentGCThread "G1 Refine#0" [stack: 0x000000d4faa00000,0x000000d4fab00000] [id=14436]
  0x0000024fff2fe000 ConcurrentGCThread "G1 Young RemSet Sampling" [stack: 0x000000d4fab00000,0x000000d4fac00000] [id=39776]

Threads with active compile tasks:
C2 CompilerThread0   1880 1830   !   4       java.net.URL::<init> (543 bytes)
C1 CompilerThread0   1881 2177       3       org.springframework.core.type.classreading.SimpleAnnotationMetadataReadingVisitor::visitMethod (43 bytes)
C2 CompilerThread1   1881 2047       4       java.lang.invoke.MethodType$ConcurrentWeakInternSet::get (54 bytes)
C2 CompilerThread2   1881 2046       4       java.lang.invoke.MethodType::makeImpl (108 bytes)

VM state:not at safepoint (normal execution)

VM Mutex/Monitor currently owned by a thread: None

Heap address: 0x0000000702800000, size: 4056 MB, Compressed Oops mode: Zero based, Oop shift amount: 3
Narrow klass base: 0x0000000800000000, Narrow klass shift: 0
Compressed class space size: 1073741824 Address: 0x0000000800000000

Heap:
 garbage-first heap   total 260096K, used 35726K [0x0000000702800000, 0x0000000800000000)
  region size 1024K, 29 young (29696K), 3 survivors (3072K)
 Metaspace       used 25643K, capacity 26254K, committed 26496K, reserved 1073152K
  class space    used 2903K, capacity 3155K, committed 3200K, reserved 1048576K
Heap Regions: E=young(eden), S=young(survivor), O=old, HS=humongous(starts), HC=humongous(continues), CS=collection set, F=free, A=archive, TAMS=top-at-mark-start (previous, next)
|   0|0x0000000702800000, 0x0000000702900000, 0x0000000702900000|100%|HS|  |TAMS 0x0000000702900000, 0x0000000702800000| Complete 
|   1|0x0000000702900000, 0x0000000702a00000, 0x0000000702a00000|100%| O|  |TAMS 0x0000000702a00000, 0x0000000702900000| Untracked 
|   2|0x0000000702a00000, 0x0000000702b00000, 0x0000000702b00000|100%| O|  |TAMS 0x0000000702b00000, 0x0000000702a00000| Untracked 
|   3|0x0000000702b00000, 0x0000000702c00000, 0x0000000702c00000|100%| O|  |TAMS 0x0000000702c00000, 0x0000000702b00000| Untracked 
|   4|0x0000000702c00000, 0x0000000702d00000, 0x0000000702d00000|100%| O|  |TAMS 0x0000000702d00000, 0x0000000702c00000| Untracked 
|   5|0x0000000702d00000, 0x0000000702e00000, 0x0000000702e00000|100%| O|  |TAMS 0x0000000702e00000, 0x0000000702d00000| Untracked 
|   6|0x0000000702e00000, 0x0000000702f00000, 0x0000000702f00000|100%| O|  |TAMS 0x0000000702f00000, 0x0000000702e00000| Untracked 
|   7|0x0000000702f00000, 0x0000000702f43200, 0x0000000703000000| 26%| O|  |TAMS 0x0000000702f43200, 0x0000000702f00000| Untracked 
|   8|0x0000000703000000, 0x0000000703000000, 0x0000000703100000|  0%| F|  |TAMS 0x0000000703000000, 0x0000000703000000| Untracked 
|   9|0x0000000703100000, 0x0000000703100000, 0x0000000703200000|  0%| F|  |TAMS 0x0000000703100000, 0x0000000703100000| Untracked 
|  10|0x0000000703200000, 0x0000000703200000, 0x0000000703300000|  0%| F|  |TAMS 0x0000000703200000, 0x0000000703200000| Untracked 
|  11|0x0000000703300000, 0x0000000703300000, 0x0000000703400000|  0%| F|  |TAMS 0x0000000703300000, 0x0000000703300000| Untracked 
|  12|0x0000000703400000, 0x0000000703400000, 0x0000000703500000|  0%| F|  |TAMS 0x0000000703400000, 0x0000000703400000| Untracked 
|  13|0x0000000703500000, 0x0000000703500000, 0x0000000703600000|  0%| F|  |TAMS 0x0000000703500000, 0x0000000703500000| Untracked 
|  14|0x0000000703600000, 0x0000000703600000, 0x0000000703700000|  0%| F|  |TAMS 0x0000000703600000, 0x0000000703600000| Untracked 
|  15|0x0000000703700000, 0x0000000703700000, 0x0000000703800000|  0%| F|  |TAMS 0x0000000703700000, 0x0000000703700000| Untracked 
|  16|0x0000000703800000, 0x0000000703800000, 0x0000000703900000|  0%| F|  |TAMS 0x0000000703800000, 0x0000000703800000| Untracked 
|  17|0x0000000703900000, 0x0000000703900000, 0x0000000703a00000|  0%| F|  |TAMS 0x0000000703900000, 0x0000000703900000| Untracked 
|  18|0x0000000703a00000, 0x0000000703a00000, 0x0000000703b00000|  0%| F|  |TAMS 0x0000000703a00000, 0x0000000703a00000| Untracked 
|  19|0x0000000703b00000, 0x0000000703b00000, 0x0000000703c00000|  0%| F|  |TAMS 0x0000000703b00000, 0x0000000703b00000| Untracked 
|  20|0x0000000703c00000, 0x0000000703c00000, 0x0000000703d00000|  0%| F|  |TAMS 0x0000000703c00000, 0x0000000703c00000| Untracked 
|  21|0x0000000703d00000, 0x0000000703d00000, 0x0000000703e00000|  0%| F|  |TAMS 0x0000000703d00000, 0x0000000703d00000| Untracked 
|  22|0x0000000703e00000, 0x0000000703e00000, 0x0000000703f00000|  0%| F|  |TAMS 0x0000000703e00000, 0x0000000703e00000| Untracked 
|  23|0x0000000703f00000, 0x0000000703f00000, 0x0000000704000000|  0%| F|  |TAMS 0x0000000703f00000, 0x0000000703f00000| Untracked 
|  24|0x0000000704000000, 0x0000000704000000, 0x0000000704100000|  0%| F|  |TAMS 0x0000000704000000, 0x0000000704000000| Untracked 
|  25|0x0000000704100000, 0x0000000704100000, 0x0000000704200000|  0%| F|  |TAMS 0x0000000704100000, 0x0000000704100000| Untracked 
|  26|0x0000000704200000, 0x0000000704200000, 0x0000000704300000|  0%| F|  |TAMS 0x0000000704200000, 0x0000000704200000| Untracked 
|  27|0x0000000704300000, 0x0000000704300000, 0x0000000704400000|  0%| F|  |TAMS 0x0000000704300000, 0x0000000704300000| Untracked 
|  28|0x0000000704400000, 0x0000000704400000, 0x0000000704500000|  0%| F|  |TAMS 0x0000000704400000, 0x0000000704400000| Untracked 
|  29|0x0000000704500000, 0x0000000704500000, 0x0000000704600000|  0%| F|  |TAMS 0x0000000704500000, 0x0000000704500000| Untracked 
|  30|0x0000000704600000, 0x0000000704600000, 0x0000000704700000|  0%| F|  |TAMS 0x0000000704600000, 0x0000000704600000| Untracked 
|  31|0x0000000704700000, 0x0000000704700000, 0x0000000704800000|  0%| F|  |TAMS 0x0000000704700000, 0x0000000704700000| Untracked 
|  32|0x0000000704800000, 0x0000000704800000, 0x0000000704900000|  0%| F|  |TAMS 0x0000000704800000, 0x0000000704800000| Untracked 
|  33|0x0000000704900000, 0x0000000704900000, 0x0000000704a00000|  0%| F|  |TAMS 0x0000000704900000, 0x0000000704900000| Untracked 
|  34|0x0000000704a00000, 0x0000000704a00000, 0x0000000704b00000|  0%| F|  |TAMS 0x0000000704a00000, 0x0000000704a00000| Untracked 
|  35|0x0000000704b00000, 0x0000000704b00000, 0x0000000704c00000|  0%| F|  |TAMS 0x0000000704b00000, 0x0000000704b00000| Untracked 
|  36|0x0000000704c00000, 0x0000000704c00000, 0x0000000704d00000|  0%| F|  |TAMS 0x0000000704c00000, 0x0000000704c00000| Untracked 
|  37|0x0000000704d00000, 0x0000000704d00000, 0x0000000704e00000|  0%| F|  |TAMS 0x0000000704d00000, 0x0000000704d00000| Untracked 
|  38|0x0000000704e00000, 0x0000000704e00000, 0x0000000704f00000|  0%| F|  |TAMS 0x0000000704e00000, 0x0000000704e00000| Untracked 
|  39|0x0000000704f00000, 0x0000000704f00000, 0x0000000705000000|  0%| F|  |TAMS 0x0000000704f00000, 0x0000000704f00000| Untracked 
|  40|0x0000000705000000, 0x0000000705000000, 0x0000000705100000|  0%| F|  |TAMS 0x0000000705000000, 0x0000000705000000| Untracked 
|  41|0x0000000705100000, 0x0000000705100000, 0x0000000705200000|  0%| F|  |TAMS 0x0000000705100000, 0x0000000705100000| Untracked 
|  42|0x0000000705200000, 0x0000000705200000, 0x0000000705300000|  0%| F|  |TAMS 0x0000000705200000, 0x0000000705200000| Untracked 
|  43|0x0000000705300000, 0x0000000705300000, 0x0000000705400000|  0%| F|  |TAMS 0x0000000705300000, 0x0000000705300000| Untracked 
|  44|0x0000000705400000, 0x0000000705400000, 0x0000000705500000|  0%| F|  |TAMS 0x0000000705400000, 0x0000000705400000| Untracked 
|  45|0x0000000705500000, 0x0000000705500000, 0x0000000705600000|  0%| F|  |TAMS 0x0000000705500000, 0x0000000705500000| Untracked 
|  46|0x0000000705600000, 0x0000000705600000, 0x0000000705700000|  0%| F|  |TAMS 0x0000000705600000, 0x0000000705600000| Untracked 
|  47|0x0000000705700000, 0x0000000705700000, 0x0000000705800000|  0%| F|  |TAMS 0x0000000705700000, 0x0000000705700000| Untracked 
|  48|0x0000000705800000, 0x0000000705800000, 0x0000000705900000|  0%| F|  |TAMS 0x0000000705800000, 0x0000000705800000| Untracked 
|  49|0x0000000705900000, 0x0000000705900000, 0x0000000705a00000|  0%| F|  |TAMS 0x0000000705900000, 0x0000000705900000| Untracked 
|  50|0x0000000705a00000, 0x0000000705a00000, 0x0000000705b00000|  0%| F|  |TAMS 0x0000000705a00000, 0x0000000705a00000| Untracked 
|  51|0x0000000705b00000, 0x0000000705b00000, 0x0000000705c00000|  0%| F|  |TAMS 0x0000000705b00000, 0x0000000705b00000| Untracked 
|  52|0x0000000705c00000, 0x0000000705c00000, 0x0000000705d00000|  0%| F|  |TAMS 0x0000000705c00000, 0x0000000705c00000| Untracked 
|  53|0x0000000705d00000, 0x0000000705d00000, 0x0000000705e00000|  0%| F|  |TAMS 0x0000000705d00000, 0x0000000705d00000| Untracked 
|  54|0x0000000705e00000, 0x0000000705e00000, 0x0000000705f00000|  0%| F|  |TAMS 0x0000000705e00000, 0x0000000705e00000| Untracked 
|  55|0x0000000705f00000, 0x0000000705f00000, 0x0000000706000000|  0%| F|  |TAMS 0x0000000705f00000, 0x0000000705f00000| Untracked 
|  56|0x0000000706000000, 0x0000000706000000, 0x0000000706100000|  0%| F|  |TAMS 0x0000000706000000, 0x0000000706000000| Untracked 
|  57|0x0000000706100000, 0x0000000706100000, 0x0000000706200000|  0%| F|  |TAMS 0x0000000706100000, 0x0000000706100000| Untracked 
|  58|0x0000000706200000, 0x0000000706200000, 0x0000000706300000|  0%| F|  |TAMS 0x0000000706200000, 0x0000000706200000| Untracked 
|  59|0x0000000706300000, 0x0000000706300000, 0x0000000706400000|  0%| F|  |TAMS 0x0000000706300000, 0x0000000706300000| Untracked 
|  60|0x0000000706400000, 0x0000000706400000, 0x0000000706500000|  0%| F|  |TAMS 0x0000000706400000, 0x0000000706400000| Untracked 
|  61|0x0000000706500000, 0x0000000706500000, 0x0000000706600000|  0%| F|  |TAMS 0x0000000706500000, 0x0000000706500000| Untracked 
|  62|0x0000000706600000, 0x0000000706600000, 0x0000000706700000|  0%| F|  |TAMS 0x0000000706600000, 0x0000000706600000| Untracked 
|  63|0x0000000706700000, 0x0000000706700000, 0x0000000706800000|  0%| F|  |TAMS 0x0000000706700000, 0x0000000706700000| Untracked 
|  64|0x0000000706800000, 0x0000000706800000, 0x0000000706900000|  0%| F|  |TAMS 0x0000000706800000, 0x0000000706800000| Untracked 
|  65|0x0000000706900000, 0x0000000706900000, 0x0000000706a00000|  0%| F|  |TAMS 0x0000000706900000, 0x0000000706900000| Untracked 
|  66|0x0000000706a00000, 0x0000000706a00000, 0x0000000706b00000|  0%| F|  |TAMS 0x0000000706a00000, 0x0000000706a00000| Untracked 
|  67|0x0000000706b00000, 0x0000000706b00000, 0x0000000706c00000|  0%| F|  |TAMS 0x0000000706b00000, 0x0000000706b00000| Untracked 
|  68|0x0000000706c00000, 0x0000000706c00000, 0x0000000706d00000|  0%| F|  |TAMS 0x0000000706c00000, 0x0000000706c00000| Untracked 
|  69|0x0000000706d00000, 0x0000000706d00000, 0x0000000706e00000|  0%| F|  |TAMS 0x0000000706d00000, 0x0000000706d00000| Untracked 
|  70|0x0000000706e00000, 0x0000000706e00000, 0x0000000706f00000|  0%| F|  |TAMS 0x0000000706e00000, 0x0000000706e00000| Untracked 
|  71|0x0000000706f00000, 0x0000000706f00000, 0x0000000707000000|  0%| F|  |TAMS 0x0000000706f00000, 0x0000000706f00000| Untracked 
|  72|0x0000000707000000, 0x0000000707000000, 0x0000000707100000|  0%| F|  |TAMS 0x0000000707000000, 0x0000000707000000| Untracked 
|  73|0x0000000707100000, 0x0000000707100000, 0x0000000707200000|  0%| F|  |TAMS 0x0000000707100000, 0x0000000707100000| Untracked 
|  74|0x0000000707200000, 0x0000000707200000, 0x0000000707300000|  0%| F|  |TAMS 0x0000000707200000, 0x0000000707200000| Untracked 
|  75|0x0000000707300000, 0x0000000707300000, 0x0000000707400000|  0%| F|  |TAMS 0x0000000707300000, 0x0000000707300000| Untracked 
|  76|0x0000000707400000, 0x0000000707400000, 0x0000000707500000|  0%| F|  |TAMS 0x0000000707400000, 0x0000000707400000| Untracked 
|  77|0x0000000707500000, 0x0000000707500000, 0x0000000707600000|  0%| F|  |TAMS 0x0000000707500000, 0x0000000707500000| Untracked 
|  78|0x0000000707600000, 0x0000000707600000, 0x0000000707700000|  0%| F|  |TAMS 0x0000000707600000, 0x0000000707600000| Untracked 
|  79|0x0000000707700000, 0x0000000707700000, 0x0000000707800000|  0%| F|  |TAMS 0x0000000707700000, 0x0000000707700000| Untracked 
|  80|0x0000000707800000, 0x0000000707800000, 0x0000000707900000|  0%| F|  |TAMS 0x0000000707800000, 0x0000000707800000| Untracked 
|  81|0x0000000707900000, 0x0000000707900000, 0x0000000707a00000|  0%| F|  |TAMS 0x0000000707900000, 0x0000000707900000| Untracked 
|  82|0x0000000707a00000, 0x0000000707a00000, 0x0000000707b00000|  0%| F|  |TAMS 0x0000000707a00000, 0x0000000707a00000| Untracked 
|  83|0x0000000707b00000, 0x0000000707b00000, 0x0000000707c00000|  0%| F|  |TAMS 0x0000000707b00000, 0x0000000707b00000| Untracked 
|  84|0x0000000707c00000, 0x0000000707c00000, 0x0000000707d00000|  0%| F|  |TAMS 0x0000000707c00000, 0x0000000707c00000| Untracked 
|  85|0x0000000707d00000, 0x0000000707d00000, 0x0000000707e00000|  0%| F|  |TAMS 0x0000000707d00000, 0x0000000707d00000| Untracked 
|  86|0x0000000707e00000, 0x0000000707e00000, 0x0000000707f00000|  0%| F|  |TAMS 0x0000000707e00000, 0x0000000707e00000| Untracked 
|  87|0x0000000707f00000, 0x0000000707f00000, 0x0000000708000000|  0%| F|  |TAMS 0x0000000707f00000, 0x0000000707f00000| Untracked 
|  88|0x0000000708000000, 0x0000000708000000, 0x0000000708100000|  0%| F|  |TAMS 0x0000000708000000, 0x0000000708000000| Untracked 
|  89|0x0000000708100000, 0x0000000708100000, 0x0000000708200000|  0%| F|  |TAMS 0x0000000708100000, 0x0000000708100000| Untracked 
|  90|0x0000000708200000, 0x0000000708200000, 0x0000000708300000|  0%| F|  |TAMS 0x0000000708200000, 0x0000000708200000| Untracked 
|  91|0x0000000708300000, 0x0000000708300000, 0x0000000708400000|  0%| F|  |TAMS 0x0000000708300000, 0x0000000708300000| Untracked 
|  92|0x0000000708400000, 0x0000000708400000, 0x0000000708500000|  0%| F|  |TAMS 0x0000000708400000, 0x0000000708400000| Untracked 
|  93|0x0000000708500000, 0x0000000708500000, 0x0000000708600000|  0%| F|  |TAMS 0x0000000708500000, 0x0000000708500000| Untracked 
|  94|0x0000000708600000, 0x0000000708600000, 0x0000000708700000|  0%| F|  |TAMS 0x0000000708600000, 0x0000000708600000| Untracked 
|  95|0x0000000708700000, 0x0000000708700000, 0x0000000708800000|  0%| F|  |TAMS 0x0000000708700000, 0x0000000708700000| Untracked 
|  96|0x0000000708800000, 0x0000000708800000, 0x0000000708900000|  0%| F|  |TAMS 0x0000000708800000, 0x0000000708800000| Untracked 
|  97|0x0000000708900000, 0x0000000708900000, 0x0000000708a00000|  0%| F|  |TAMS 0x0000000708900000, 0x0000000708900000| Untracked 
|  98|0x0000000708a00000, 0x0000000708a00000, 0x0000000708b00000|  0%| F|  |TAMS 0x0000000708a00000, 0x0000000708a00000| Untracked 
|  99|0x0000000708b00000, 0x0000000708b00000, 0x0000000708c00000|  0%| F|  |TAMS 0x0000000708b00000, 0x0000000708b00000| Untracked 
| 100|0x0000000708c00000, 0x0000000708c00000, 0x0000000708d00000|  0%| F|  |TAMS 0x0000000708c00000, 0x0000000708c00000| Untracked 
| 101|0x0000000708d00000, 0x0000000708d00000, 0x0000000708e00000|  0%| F|  |TAMS 0x0000000708d00000, 0x0000000708d00000| Untracked 
| 102|0x0000000708e00000, 0x0000000708e00000, 0x0000000708f00000|  0%| F|  |TAMS 0x0000000708e00000, 0x0000000708e00000| Untracked 
| 103|0x0000000708f00000, 0x0000000708f00000, 0x0000000709000000|  0%| F|  |TAMS 0x0000000708f00000, 0x0000000708f00000| Untracked 
| 104|0x0000000709000000, 0x0000000709000000, 0x0000000709100000|  0%| F|  |TAMS 0x0000000709000000, 0x0000000709000000| Untracked 
| 105|0x0000000709100000, 0x0000000709100000, 0x0000000709200000|  0%| F|  |TAMS 0x0000000709100000, 0x0000000709100000| Untracked 
| 106|0x0000000709200000, 0x0000000709200000, 0x0000000709300000|  0%| F|  |TAMS 0x0000000709200000, 0x0000000709200000| Untracked 
| 107|0x0000000709300000, 0x0000000709300000, 0x0000000709400000|  0%| F|  |TAMS 0x0000000709300000, 0x0000000709300000| Untracked 
| 108|0x0000000709400000, 0x0000000709400000, 0x0000000709500000|  0%| F|  |TAMS 0x0000000709400000, 0x0000000709400000| Untracked 
| 109|0x0000000709500000, 0x0000000709500000, 0x0000000709600000|  0%| F|  |TAMS 0x0000000709500000, 0x0000000709500000| Untracked 
| 110|0x0000000709600000, 0x0000000709600000, 0x0000000709700000|  0%| F|  |TAMS 0x0000000709600000, 0x0000000709600000| Untracked 
| 111|0x0000000709700000, 0x0000000709700000, 0x0000000709800000|  0%| F|  |TAMS 0x0000000709700000, 0x0000000709700000| Untracked 
| 112|0x0000000709800000, 0x0000000709800000, 0x0000000709900000|  0%| F|  |TAMS 0x0000000709800000, 0x0000000709800000| Untracked 
| 113|0x0000000709900000, 0x0000000709900000, 0x0000000709a00000|  0%| F|  |TAMS 0x0000000709900000, 0x0000000709900000| Untracked 
| 114|0x0000000709a00000, 0x0000000709a00000, 0x0000000709b00000|  0%| F|  |TAMS 0x0000000709a00000, 0x0000000709a00000| Untracked 
| 115|0x0000000709b00000, 0x0000000709b00000, 0x0000000709c00000|  0%| F|  |TAMS 0x0000000709b00000, 0x0000000709b00000| Untracked 
| 116|0x0000000709c00000, 0x0000000709c00000, 0x0000000709d00000|  0%| F|  |TAMS 0x0000000709c00000, 0x0000000709c00000| Untracked 
| 117|0x0000000709d00000, 0x0000000709d00000, 0x0000000709e00000|  0%| F|  |TAMS 0x0000000709d00000, 0x0000000709d00000| Untracked 
| 118|0x0000000709e00000, 0x0000000709e00000, 0x0000000709f00000|  0%| F|  |TAMS 0x0000000709e00000, 0x0000000709e00000| Untracked 
| 119|0x0000000709f00000, 0x0000000709f00000, 0x000000070a000000|  0%| F|  |TAMS 0x0000000709f00000, 0x0000000709f00000| Untracked 
| 120|0x000000070a000000, 0x000000070a000000, 0x000000070a100000|  0%| F|  |TAMS 0x000000070a000000, 0x000000070a000000| Untracked 
| 121|0x000000070a100000, 0x000000070a100000, 0x000000070a200000|  0%| F|  |TAMS 0x000000070a100000, 0x000000070a100000| Untracked 
| 122|0x000000070a200000, 0x000000070a200000, 0x000000070a300000|  0%| F|  |TAMS 0x000000070a200000, 0x000000070a200000| Untracked 
| 123|0x000000070a300000, 0x000000070a300000, 0x000000070a400000|  0%| F|  |TAMS 0x000000070a300000, 0x000000070a300000| Untracked 
| 124|0x000000070a400000, 0x000000070a400000, 0x000000070a500000|  0%| F|  |TAMS 0x000000070a400000, 0x000000070a400000| Untracked 
| 125|0x000000070a500000, 0x000000070a500000, 0x000000070a600000|  0%| F|  |TAMS 0x000000070a500000, 0x000000070a500000| Untracked 
| 126|0x000000070a600000, 0x000000070a600000, 0x000000070a700000|  0%| F|  |TAMS 0x000000070a600000, 0x000000070a600000| Untracked 
| 127|0x000000070a700000, 0x000000070a700000, 0x000000070a800000|  0%| F|  |TAMS 0x000000070a700000, 0x000000070a700000| Untracked 
| 128|0x000000070a800000, 0x000000070a800000, 0x000000070a900000|  0%| F|  |TAMS 0x000000070a800000, 0x000000070a800000| Untracked 
| 129|0x000000070a900000, 0x000000070a900000, 0x000000070aa00000|  0%| F|  |TAMS 0x000000070a900000, 0x000000070a900000| Untracked 
| 130|0x000000070aa00000, 0x000000070aa00000, 0x000000070ab00000|  0%| F|  |TAMS 0x000000070aa00000, 0x000000070aa00000| Untracked 
| 131|0x000000070ab00000, 0x000000070ab00000, 0x000000070ac00000|  0%| F|  |TAMS 0x000000070ab00000, 0x000000070ab00000| Untracked 
| 132|0x000000070ac00000, 0x000000070ac00000, 0x000000070ad00000|  0%| F|  |TAMS 0x000000070ac00000, 0x000000070ac00000| Untracked 
| 133|0x000000070ad00000, 0x000000070ad00000, 0x000000070ae00000|  0%| F|  |TAMS 0x000000070ad00000, 0x000000070ad00000| Untracked 
| 134|0x000000070ae00000, 0x000000070ae00000, 0x000000070af00000|  0%| F|  |TAMS 0x000000070ae00000, 0x000000070ae00000| Untracked 
| 135|0x000000070af00000, 0x000000070af00000, 0x000000070b000000|  0%| F|  |TAMS 0x000000070af00000, 0x000000070af00000| Untracked 
| 136|0x000000070b000000, 0x000000070b000000, 0x000000070b100000|  0%| F|  |TAMS 0x000000070b000000, 0x000000070b000000| Untracked 
| 137|0x000000070b100000, 0x000000070b100000, 0x000000070b200000|  0%| F|  |TAMS 0x000000070b100000, 0x000000070b100000| Untracked 
| 138|0x000000070b200000, 0x000000070b200000, 0x000000070b300000|  0%| F|  |TAMS 0x000000070b200000, 0x000000070b200000| Untracked 
| 139|0x000000070b300000, 0x000000070b300000, 0x000000070b400000|  0%| F|  |TAMS 0x000000070b300000, 0x000000070b300000| Untracked 
| 140|0x000000070b400000, 0x000000070b400000, 0x000000070b500000|  0%| F|  |TAMS 0x000000070b400000, 0x000000070b400000| Untracked 
| 141|0x000000070b500000, 0x000000070b500000, 0x000000070b600000|  0%| F|  |TAMS 0x000000070b500000, 0x000000070b500000| Untracked 
| 142|0x000000070b600000, 0x000000070b600000, 0x000000070b700000|  0%| F|  |TAMS 0x000000070b600000, 0x000000070b600000| Untracked 
| 143|0x000000070b700000, 0x000000070b700000, 0x000000070b800000|  0%| F|  |TAMS 0x000000070b700000, 0x000000070b700000| Untracked 
| 144|0x000000070b800000, 0x000000070b800000, 0x000000070b900000|  0%| F|  |TAMS 0x000000070b800000, 0x000000070b800000| Untracked 
| 145|0x000000070b900000, 0x000000070b900000, 0x000000070ba00000|  0%| F|  |TAMS 0x000000070b900000, 0x000000070b900000| Untracked 
| 146|0x000000070ba00000, 0x000000070ba00000, 0x000000070bb00000|  0%| F|  |TAMS 0x000000070ba00000, 0x000000070ba00000| Untracked 
| 147|0x000000070bb00000, 0x000000070bb00000, 0x000000070bc00000|  0%| F|  |TAMS 0x000000070bb00000, 0x000000070bb00000| Untracked 
| 148|0x000000070bc00000, 0x000000070bc00000, 0x000000070bd00000|  0%| F|  |TAMS 0x000000070bc00000, 0x000000070bc00000| Untracked 
| 149|0x000000070bd00000, 0x000000070bd00000, 0x000000070be00000|  0%| F|  |TAMS 0x000000070bd00000, 0x000000070bd00000| Untracked 
| 150|0x000000070be00000, 0x000000070be00000, 0x000000070bf00000|  0%| F|  |TAMS 0x000000070be00000, 0x000000070be00000| Untracked 
| 151|0x000000070bf00000, 0x000000070bf00000, 0x000000070c000000|  0%| F|  |TAMS 0x000000070bf00000, 0x000000070bf00000| Untracked 
| 152|0x000000070c000000, 0x000000070c000000, 0x000000070c100000|  0%| F|  |TAMS 0x000000070c000000, 0x000000070c000000| Untracked 
| 153|0x000000070c100000, 0x000000070c100000, 0x000000070c200000|  0%| F|  |TAMS 0x000000070c100000, 0x000000070c100000| Untracked 
| 154|0x000000070c200000, 0x000000070c200000, 0x000000070c300000|  0%| F|  |TAMS 0x000000070c200000, 0x000000070c200000| Untracked 
| 155|0x000000070c300000, 0x000000070c300000, 0x000000070c400000|  0%| F|  |TAMS 0x000000070c300000, 0x000000070c300000| Untracked 
| 156|0x000000070c400000, 0x000000070c400000, 0x000000070c500000|  0%| F|  |TAMS 0x000000070c400000, 0x000000070c400000| Untracked 
| 157|0x000000070c500000, 0x000000070c500000, 0x000000070c600000|  0%| F|  |TAMS 0x000000070c500000, 0x000000070c500000| Untracked 
| 158|0x000000070c600000, 0x000000070c600000, 0x000000070c700000|  0%| F|  |TAMS 0x000000070c600000, 0x000000070c600000| Untracked 
| 159|0x000000070c700000, 0x000000070c700000, 0x000000070c800000|  0%| F|  |TAMS 0x000000070c700000, 0x000000070c700000| Untracked 
| 160|0x000000070c800000, 0x000000070c800000, 0x000000070c900000|  0%| F|  |TAMS 0x000000070c800000, 0x000000070c800000| Untracked 
| 161|0x000000070c900000, 0x000000070c900000, 0x000000070ca00000|  0%| F|  |TAMS 0x000000070c900000, 0x000000070c900000| Untracked 
| 162|0x000000070ca00000, 0x000000070ca00000, 0x000000070cb00000|  0%| F|  |TAMS 0x000000070ca00000, 0x000000070ca00000| Untracked 
| 163|0x000000070cb00000, 0x000000070cb00000, 0x000000070cc00000|  0%| F|  |TAMS 0x000000070cb00000, 0x000000070cb00000| Untracked 
| 164|0x000000070cc00000, 0x000000070cc00000, 0x000000070cd00000|  0%| F|  |TAMS 0x000000070cc00000, 0x000000070cc00000| Untracked 
| 165|0x000000070cd00000, 0x000000070cd00000, 0x000000070ce00000|  0%| F|  |TAMS 0x000000070cd00000, 0x000000070cd00000| Untracked 
| 166|0x000000070ce00000, 0x000000070ce00000, 0x000000070cf00000|  0%| F|  |TAMS 0x000000070ce00000, 0x000000070ce00000| Untracked 
| 167|0x000000070cf00000, 0x000000070cf00000, 0x000000070d000000|  0%| F|  |TAMS 0x000000070cf00000, 0x000000070cf00000| Untracked 
| 168|0x000000070d000000, 0x000000070d000000, 0x000000070d100000|  0%| F|  |TAMS 0x000000070d000000, 0x000000070d000000| Untracked 
| 169|0x000000070d100000, 0x000000070d100000, 0x000000070d200000|  0%| F|  |TAMS 0x000000070d100000, 0x000000070d100000| Untracked 
| 170|0x000000070d200000, 0x000000070d200000, 0x000000070d300000|  0%| F|  |TAMS 0x000000070d200000, 0x000000070d200000| Untracked 
| 171|0x000000070d300000, 0x000000070d300000, 0x000000070d400000|  0%| F|  |TAMS 0x000000070d300000, 0x000000070d300000| Untracked 
| 172|0x000000070d400000, 0x000000070d400000, 0x000000070d500000|  0%| F|  |TAMS 0x000000070d400000, 0x000000070d400000| Untracked 
| 173|0x000000070d500000, 0x000000070d500000, 0x000000070d600000|  0%| F|  |TAMS 0x000000070d500000, 0x000000070d500000| Untracked 
| 174|0x000000070d600000, 0x000000070d600000, 0x000000070d700000|  0%| F|  |TAMS 0x000000070d600000, 0x000000070d600000| Untracked 
| 175|0x000000070d700000, 0x000000070d700000, 0x000000070d800000|  0%| F|  |TAMS 0x000000070d700000, 0x000000070d700000| Untracked 
| 176|0x000000070d800000, 0x000000070d800000, 0x000000070d900000|  0%| F|  |TAMS 0x000000070d800000, 0x000000070d800000| Untracked 
| 177|0x000000070d900000, 0x000000070d900000, 0x000000070da00000|  0%| F|  |TAMS 0x000000070d900000, 0x000000070d900000| Untracked 
| 178|0x000000070da00000, 0x000000070da00000, 0x000000070db00000|  0%| F|  |TAMS 0x000000070da00000, 0x000000070da00000| Untracked 
| 179|0x000000070db00000, 0x000000070db00000, 0x000000070dc00000|  0%| F|  |TAMS 0x000000070db00000, 0x000000070db00000| Untracked 
| 180|0x000000070dc00000, 0x000000070dc00000, 0x000000070dd00000|  0%| F|  |TAMS 0x000000070dc00000, 0x000000070dc00000| Untracked 
| 181|0x000000070dd00000, 0x000000070dd00000, 0x000000070de00000|  0%| F|  |TAMS 0x000000070dd00000, 0x000000070dd00000| Untracked 
| 182|0x000000070de00000, 0x000000070de00000, 0x000000070df00000|  0%| F|  |TAMS 0x000000070de00000, 0x000000070de00000| Untracked 
| 183|0x000000070df00000, 0x000000070df00000, 0x000000070e000000|  0%| F|  |TAMS 0x000000070df00000, 0x000000070df00000| Untracked 
| 184|0x000000070e000000, 0x000000070e000000, 0x000000070e100000|  0%| F|  |TAMS 0x000000070e000000, 0x000000070e000000| Untracked 
| 185|0x000000070e100000, 0x000000070e100000, 0x000000070e200000|  0%| F|  |TAMS 0x000000070e100000, 0x000000070e100000| Untracked 
| 186|0x000000070e200000, 0x000000070e200000, 0x000000070e300000|  0%| F|  |TAMS 0x000000070e200000, 0x000000070e200000| Untracked 
| 187|0x000000070e300000, 0x000000070e300000, 0x000000070e400000|  0%| F|  |TAMS 0x000000070e300000, 0x000000070e300000| Untracked 
| 188|0x000000070e400000, 0x000000070e400000, 0x000000070e500000|  0%| F|  |TAMS 0x000000070e400000, 0x000000070e400000| Untracked 
| 189|0x000000070e500000, 0x000000070e500000, 0x000000070e600000|  0%| F|  |TAMS 0x000000070e500000, 0x000000070e500000| Untracked 
| 190|0x000000070e600000, 0x000000070e600000, 0x000000070e700000|  0%| F|  |TAMS 0x000000070e600000, 0x000000070e600000| Untracked 
| 191|0x000000070e700000, 0x000000070e700000, 0x000000070e800000|  0%| F|  |TAMS 0x000000070e700000, 0x000000070e700000| Untracked 
| 192|0x000000070e800000, 0x000000070e800000, 0x000000070e900000|  0%| F|  |TAMS 0x000000070e800000, 0x000000070e800000| Untracked 
| 193|0x000000070e900000, 0x000000070e900000, 0x000000070ea00000|  0%| F|  |TAMS 0x000000070e900000, 0x000000070e900000| Untracked 
| 194|0x000000070ea00000, 0x000000070ea00000, 0x000000070eb00000|  0%| F|  |TAMS 0x000000070ea00000, 0x000000070ea00000| Untracked 
| 195|0x000000070eb00000, 0x000000070eb00000, 0x000000070ec00000|  0%| F|  |TAMS 0x000000070eb00000, 0x000000070eb00000| Untracked 
| 196|0x000000070ec00000, 0x000000070ec00000, 0x000000070ed00000|  0%| F|  |TAMS 0x000000070ec00000, 0x000000070ec00000| Untracked 
| 197|0x000000070ed00000, 0x000000070ed00000, 0x000000070ee00000|  0%| F|  |TAMS 0x000000070ed00000, 0x000000070ed00000| Untracked 
| 198|0x000000070ee00000, 0x000000070ee00000, 0x000000070ef00000|  0%| F|  |TAMS 0x000000070ee00000, 0x000000070ee00000| Untracked 
| 199|0x000000070ef00000, 0x000000070ef00000, 0x000000070f000000|  0%| F|  |TAMS 0x000000070ef00000, 0x000000070ef00000| Untracked 
| 200|0x000000070f000000, 0x000000070f000000, 0x000000070f100000|  0%| F|  |TAMS 0x000000070f000000, 0x000000070f000000| Untracked 
| 201|0x000000070f100000, 0x000000070f100000, 0x000000070f200000|  0%| F|  |TAMS 0x000000070f100000, 0x000000070f100000| Untracked 
| 202|0x000000070f200000, 0x000000070f200000, 0x000000070f300000|  0%| F|  |TAMS 0x000000070f200000, 0x000000070f200000| Untracked 
| 203|0x000000070f300000, 0x000000070f300000, 0x000000070f400000|  0%| F|  |TAMS 0x000000070f300000, 0x000000070f300000| Untracked 
| 204|0x000000070f400000, 0x000000070f400000, 0x000000070f500000|  0%| F|  |TAMS 0x000000070f400000, 0x000000070f400000| Untracked 
| 205|0x000000070f500000, 0x000000070f500000, 0x000000070f600000|  0%| F|  |TAMS 0x000000070f500000, 0x000000070f500000| Untracked 
| 206|0x000000070f600000, 0x000000070f600000, 0x000000070f700000|  0%| F|  |TAMS 0x000000070f600000, 0x000000070f600000| Untracked 
| 207|0x000000070f700000, 0x000000070f700000, 0x000000070f800000|  0%| F|  |TAMS 0x000000070f700000, 0x000000070f700000| Untracked 
| 208|0x000000070f800000, 0x000000070f800000, 0x000000070f900000|  0%| F|  |TAMS 0x000000070f800000, 0x000000070f800000| Untracked 
| 209|0x000000070f900000, 0x000000070f900000, 0x000000070fa00000|  0%| F|  |TAMS 0x000000070f900000, 0x000000070f900000| Untracked 
| 210|0x000000070fa00000, 0x000000070fa00000, 0x000000070fb00000|  0%| F|  |TAMS 0x000000070fa00000, 0x000000070fa00000| Untracked 
| 211|0x000000070fb00000, 0x000000070fb00000, 0x000000070fc00000|  0%| F|  |TAMS 0x000000070fb00000, 0x000000070fb00000| Untracked 
| 212|0x000000070fc00000, 0x000000070fc00000, 0x000000070fd00000|  0%| F|  |TAMS 0x000000070fc00000, 0x000000070fc00000| Untracked 
| 213|0x000000070fd00000, 0x000000070fd00000, 0x000000070fe00000|  0%| F|  |TAMS 0x000000070fd00000, 0x000000070fd00000| Untracked 
| 214|0x000000070fe00000, 0x000000070fe00000, 0x000000070ff00000|  0%| F|  |TAMS 0x000000070fe00000, 0x000000070fe00000| Untracked 
| 215|0x000000070ff00000, 0x000000070ff00000, 0x0000000710000000|  0%| F|  |TAMS 0x000000070ff00000, 0x000000070ff00000| Untracked 
| 216|0x0000000710000000, 0x0000000710000000, 0x0000000710100000|  0%| F|  |TAMS 0x0000000710000000, 0x0000000710000000| Untracked 
| 217|0x0000000710100000, 0x0000000710100000, 0x0000000710200000|  0%| F|  |TAMS 0x0000000710100000, 0x0000000710100000| Untracked 
| 218|0x0000000710200000, 0x0000000710200000, 0x0000000710300000|  0%| F|  |TAMS 0x0000000710200000, 0x0000000710200000| Untracked 
| 219|0x0000000710300000, 0x0000000710300000, 0x0000000710400000|  0%| F|  |TAMS 0x0000000710300000, 0x0000000710300000| Untracked 
| 220|0x0000000710400000, 0x0000000710400000, 0x0000000710500000|  0%| F|  |TAMS 0x0000000710400000, 0x0000000710400000| Untracked 
| 221|0x0000000710500000, 0x0000000710500000, 0x0000000710600000|  0%| F|  |TAMS 0x0000000710500000, 0x0000000710500000| Untracked 
| 222|0x0000000710600000, 0x0000000710600000, 0x0000000710700000|  0%| F|  |TAMS 0x0000000710600000, 0x0000000710600000| Untracked 
| 223|0x0000000710700000, 0x0000000710700000, 0x0000000710800000|  0%| F|  |TAMS 0x0000000710700000, 0x0000000710700000| Untracked 
| 224|0x0000000710800000, 0x000000071087c168, 0x0000000710900000| 48%| E|  |TAMS 0x0000000710800000, 0x0000000710800000| Complete 
| 225|0x0000000710900000, 0x0000000710a00000, 0x0000000710a00000|100%| E|CS|TAMS 0x0000000710900000, 0x0000000710900000| Complete 
| 226|0x0000000710a00000, 0x0000000710b00000, 0x0000000710b00000|100%| E|CS|TAMS 0x0000000710a00000, 0x0000000710a00000| Complete 
| 227|0x0000000710b00000, 0x0000000710c00000, 0x0000000710c00000|100%| E|CS|TAMS 0x0000000710b00000, 0x0000000710b00000| Complete 
| 228|0x0000000710c00000, 0x0000000710d00000, 0x0000000710d00000|100%| E|CS|TAMS 0x0000000710c00000, 0x0000000710c00000| Complete 
| 229|0x0000000710d00000, 0x0000000710e00000, 0x0000000710e00000|100%| E|CS|TAMS 0x0000000710d00000, 0x0000000710d00000| Complete 
| 230|0x0000000710e00000, 0x0000000710f00000, 0x0000000710f00000|100%| E|CS|TAMS 0x0000000710e00000, 0x0000000710e00000| Complete 
| 231|0x0000000710f00000, 0x0000000711000000, 0x0000000711000000|100%| E|CS|TAMS 0x0000000710f00000, 0x0000000710f00000| Complete 
| 232|0x0000000711000000, 0x0000000711100000, 0x0000000711100000|100%| E|CS|TAMS 0x0000000711000000, 0x0000000711000000| Complete 
| 233|0x0000000711100000, 0x0000000711200000, 0x0000000711200000|100%| E|CS|TAMS 0x0000000711100000, 0x0000000711100000| Complete 
| 234|0x0000000711200000, 0x0000000711300000, 0x0000000711300000|100%| E|CS|TAMS 0x0000000711200000, 0x0000000711200000| Complete 
| 235|0x0000000711300000, 0x0000000711400000, 0x0000000711400000|100%| E|CS|TAMS 0x0000000711300000, 0x0000000711300000| Complete 
| 236|0x0000000711400000, 0x0000000711500000, 0x0000000711500000|100%| E|CS|TAMS 0x0000000711400000, 0x0000000711400000| Complete 
| 237|0x0000000711500000, 0x0000000711600000, 0x0000000711600000|100%| E|CS|TAMS 0x0000000711500000, 0x0000000711500000| Complete 
| 238|0x0000000711600000, 0x0000000711700000, 0x0000000711700000|100%| E|CS|TAMS 0x0000000711600000, 0x0000000711600000| Complete 
| 239|0x0000000711700000, 0x0000000711800000, 0x0000000711800000|100%| E|CS|TAMS 0x0000000711700000, 0x0000000711700000| Complete 
| 240|0x0000000711800000, 0x0000000711900000, 0x0000000711900000|100%| E|CS|TAMS 0x0000000711800000, 0x0000000711800000| Complete 
| 241|0x0000000711900000, 0x0000000711a00000, 0x0000000711a00000|100%| E|CS|TAMS 0x0000000711900000, 0x0000000711900000| Complete 
| 242|0x0000000711a00000, 0x0000000711b00000, 0x0000000711b00000|100%| E|CS|TAMS 0x0000000711a00000, 0x0000000711a00000| Complete 
| 243|0x0000000711b00000, 0x0000000711c00000, 0x0000000711c00000|100%| E|CS|TAMS 0x0000000711b00000, 0x0000000711b00000| Complete 
| 244|0x0000000711c00000, 0x0000000711d00000, 0x0000000711d00000|100%| E|CS|TAMS 0x0000000711c00000, 0x0000000711c00000| Complete 
| 245|0x0000000711d00000, 0x0000000711e00000, 0x0000000711e00000|100%| E|CS|TAMS 0x0000000711d00000, 0x0000000711d00000| Complete 
| 246|0x0000000711e00000, 0x0000000711ea08f0, 0x0000000711f00000| 62%| S|CS|TAMS 0x0000000711e00000, 0x0000000711e00000| Complete 
| 247|0x0000000711f00000, 0x0000000712000000, 0x0000000712000000|100%| S|CS|TAMS 0x0000000711f00000, 0x0000000711f00000| Complete 
| 248|0x0000000712000000, 0x0000000712100000, 0x0000000712100000|100%| S|CS|TAMS 0x0000000712000000, 0x0000000712000000| Complete 
| 249|0x0000000712100000, 0x0000000712200000, 0x0000000712200000|100%| E|CS|TAMS 0x0000000712100000, 0x0000000712100000| Complete 
| 250|0x0000000712200000, 0x0000000712300000, 0x0000000712300000|100%| E|CS|TAMS 0x0000000712200000, 0x0000000712200000| Complete 
| 251|0x0000000712300000, 0x0000000712400000, 0x0000000712400000|100%| E|CS|TAMS 0x0000000712300000, 0x0000000712300000| Complete 
| 252|0x0000000712400000, 0x0000000712500000, 0x0000000712500000|100%| E|CS|TAMS 0x0000000712400000, 0x0000000712400000| Complete 
| 253|0x0000000712500000, 0x0000000712600000, 0x0000000712600000|100%| E|CS|TAMS 0x0000000712500000, 0x0000000712500000| Complete 

Card table byte_map: [0x0000024ff7970000,0x0000024ff8160000] _byte_map_base: 0x0000024ff415c000

Marking Bits (Prev, Next): (CMBitMap*) 0x0000024feea12ab0, (CMBitMap*) 0x0000024feea12a78
 Prev Bits: [0x0000024f8f000000, 0x0000024f92f60000)
 Next Bits: [0x0000024ff8950000, 0x0000024ffc8b0000)

Polling page: 0x0000024fec970000

Metaspace:

Usage:
  Non-class:     22.62 MB capacity,    22.26 MB ( 98%) used,   300.22 KB (  1%) free+waste,    71.25 KB ( <1%) overhead. 
      Class:      3.08 MB capacity,     2.84 MB ( 92%) used,   212.38 KB (  7%) free+waste,    34.94 KB (  1%) overhead. 
       Both:     25.70 MB capacity,    25.10 MB ( 98%) used,   512.60 KB (  2%) free+waste,   106.19 KB ( <1%) overhead. 

Virtual space:
  Non-class space:       24.00 MB reserved,      22.75 MB ( 95%) committed 
      Class space:        1.00 GB reserved,       3.13 MB ( <1%) committed 
             Both:        1.02 GB reserved,      25.88 MB (  2%) committed 

Chunk freelists:
   Non-Class:  256 bytes
       Class:  1.63 KB
        Both:  1.88 KB

CodeHeap 'non-profiled nmethods': size=120000Kb used=836Kb max_used=836Kb free=119163Kb
 bounds [0x0000024f87ad0000, 0x0000024f87d40000, 0x0000024f8f000000]
CodeHeap 'profiled nmethods': size=120000Kb used=4322Kb max_used=4322Kb free=115677Kb
 bounds [0x0000024f805a0000, 0x0000024f809e0000, 0x0000024f87ad0000]
CodeHeap 'non-nmethods': size=5760Kb used=1126Kb max_used=1146Kb free=4633Kb
 bounds [0x0000024f80000000, 0x0000024f80270000, 0x0000024f805a0000]
 total_blobs=2648 nmethods=2206 adapters=353
 compilation: enabled
              stopped_count=0, restarted_count=0
 full_count=0

Compilation events (10 events):
Event: 1.805 Thread 0x0000024f93063800 nmethod 2059 0x0000024f80984d10 code [0x0000024f80984ec0, 0x0000024f80984fc8]
Event: 1.805 Thread 0x0000024f93063800 2060       3       java.lang.Byte::hashCode (8 bytes)
Event: 1.806 Thread 0x0000024f93063800 nmethod 2060 0x0000024f80985090 code [0x0000024f80985240, 0x0000024f80985398]
Event: 1.806 Thread 0x0000024f93063800 2053       1       sun.reflect.annotation.AnnotationType::memberTypes (5 bytes)
Event: 1.806 Thread 0x0000024f93063800 nmethod 2053 0x0000024f87b9ae90 code [0x0000024f87b9b020, 0x0000024f87b9b0d8]
Event: 1.806 Thread 0x0000024f93063800 2054       1       sun.reflect.annotation.AnnotationType::memberDefaults (5 bytes)
Event: 1.806 Thread 0x0000024f93063800 nmethod 2054 0x0000024f87b9b190 code [0x0000024f87b9b320, 0x0000024f87b9b3d8]
Event: 1.806 Thread 0x0000024f93063800 2055       1       sun.reflect.annotation.AnnotationType::retention (5 bytes)
Event: 1.806 Thread 0x0000024f93063800 nmethod 2055 0x0000024f87b9b490 code [0x0000024f87b9b620, 0x0000024f87b9b6d8]
Event: 1.806 Thread 0x0000024f93063800 2061       3       sun.reflect.annotation.AnnotationParser::parseSig (61 bytes)

GC Heap History (6 events):
Event: 0.696 GC heap before
{Heap before GC invocations=0 (full 0):
 garbage-first heap   total 260096K, used 25600K [0x0000000702800000, 0x0000000800000000)
  region size 1024K, 24 young (24576K), 0 survivors (0K)
 Metaspace       used 11120K, capacity 11412K, committed 11648K, reserved 1060864K
  class space    used 1075K, capacity 1146K, committed 1152K, reserved 1048576K
}
Event: 0.701 GC heap after
{Heap after GC invocations=1 (full 0):
 garbage-first heap   total 260096K, used 7465K [0x0000000702800000, 0x0000000800000000)
  region size 1024K, 3 young (3072K), 3 survivors (3072K)
 Metaspace       used 11120K, capacity 11412K, committed 11648K, reserved 1060864K
  class space    used 1075K, capacity 1146K, committed 1152K, reserved 1048576K
}
Event: 1.461 GC heap before
{Heap before GC invocations=1 (full 0):
 garbage-first heap   total 260096K, used 44329K [0x0000000702800000, 0x0000000800000000)
  region size 1024K, 39 young (39936K), 3 survivors (3072K)
 Metaspace       used 19863K, capacity 20411K, committed 20608K, reserved 1067008K
  class space    used 2202K, capacity 2423K, committed 2432K, reserved 1048576K
}
Event: 1.467 GC heap after
{Heap after GC invocations=2 (full 0):
 garbage-first heap   total 260096K, used 10062K [0x0000000702800000, 0x0000000800000000)
  region size 1024K, 3 young (3072K), 3 survivors (3072K)
 Metaspace       used 19863K, capacity 20411K, committed 20608K, reserved 1067008K
  class space    used 2202K, capacity 2423K, committed 2432K, reserved 1048576K
}
Event: 1.501 GC heap before
{Heap before GC invocations=2 (full 0):
 garbage-first heap   total 260096K, used 14158K [0x0000000702800000, 0x0000000800000000)
  region size 1024K, 8 young (8192K), 3 survivors (3072K)
 Metaspace       used 20653K, capacity 21150K, committed 21248K, reserved 1069056K
  class space    used 2281K, capacity 2499K, committed 2560K, reserved 1048576K
}
Event: 1.504 GC heap after
{Heap after GC invocations=3 (full 0):
 garbage-first heap   total 260096K, used 10126K [0x0000000702800000, 0x0000000800000000)
  region size 1024K, 3 young (3072K), 3 survivors (3072K)
 Metaspace       used 20653K, capacity 21150K, committed 21248K, reserved 1069056K
  class space    used 2281K, capacity 2499K, committed 2560K, reserved 1048576K
}

Deoptimization events (10 events):
Event: 1.244 Thread 0x0000024f93ece000 Uncommon trap: reason=bimorphic_or_optimized_type_check action=maybe_recompile pc=0x0000024f87b17544 method=java.util.HashMap.putVal(ILjava/lang/Object;Ljava/lang/Object;ZZ)Ljava/lang/Object; @ 91 c2
Event: 1.297 Thread 0x0000024f93ece000 Uncommon trap: reason=unstable_if action=reinterpret pc=0x0000024f87b3d9a0 method=java.util.concurrent.ConcurrentHashMap.putVal(Ljava/lang/Object;Ljava/lang/Object;Z)Ljava/lang/Object; @ 148 c2
Event: 1.537 Thread 0x0000024f93ece000 Uncommon trap: reason=unstable_if action=reinterpret pc=0x0000024f87b0b71c method=java.util.HashMap.getNode(ILjava/lang/Object;)Ljava/util/HashMap$Node; @ 129 c2
Event: 1.537 Thread 0x0000024f93ece000 Uncommon trap: reason=class_check action=maybe_recompile pc=0x0000024f87b6bc8c method=java.util.HashMap.putVal(ILjava/lang/Object;Ljava/lang/Object;ZZ)Ljava/lang/Object; @ 203 c2
Event: 1.537 Thread 0x0000024f93ece000 Uncommon trap: reason=class_check action=maybe_recompile pc=0x0000024f87b6bc8c method=java.util.HashMap.putVal(ILjava/lang/Object;Ljava/lang/Object;ZZ)Ljava/lang/Object; @ 203 c2
Event: 1.562 Thread 0x0000024f93ece000 Uncommon trap: reason=class_check action=maybe_recompile pc=0x0000024f87b6bc8c method=java.util.HashMap.putVal(ILjava/lang/Object;Ljava/lang/Object;ZZ)Ljava/lang/Object; @ 203 c2
Event: 1.568 Thread 0x0000024f93ece000 Uncommon trap: reason=class_check action=maybe_recompile pc=0x0000024f87b6bc8c method=java.util.HashMap.putVal(ILjava/lang/Object;Ljava/lang/Object;ZZ)Ljava/lang/Object; @ 203 c2
Event: 1.691 Thread 0x0000024f93ece000 Uncommon trap: reason=unstable_if action=reinterpret pc=0x0000024f87b1caa8 method=java.util.concurrent.ConcurrentHashMap.get(Ljava/lang/Object;)Ljava/lang/Object; @ 76 c2
Event: 1.726 Thread 0x0000024f93ece000 Uncommon trap: reason=unstable_if action=reinterpret pc=0x0000024f87ae7668 method=java.util.zip.ZipFile$Source.getEntryPos([BZ)I @ 156 c2
Event: 1.797 Thread 0x0000024f94536800 Uncommon trap: reason=unstable_if action=reinterpret pc=0x0000024f87b41f80 method=jdk.internal.org.objectweb.asm.Type.getArgumentsAndReturnSizes(Ljava/lang/String;)I @ 47 c2

Classes redefined (0 events):
No events

Internal exceptions (10 events):
Event: 1.701 Thread 0x0000024f93ece000 Exception <a 'java/lang/ClassNotFoundException'{0x000000071122dcb0}: org/springframework/beans/factory/AwareCustomizer> (0x000000071122dcb0) thrown at [./open/src/hotspot/share/classfile/systemDictionary.cpp, line 228]
Event: 1.701 Thread 0x0000024f93ece000 Exception <a 'java/lang/ClassNotFoundException'{0x00000007112420a8}: org/springframework/beans/factory/BeanClassLoaderAwareCustomizer> (0x00000007112420a8) thrown at [./open/src/hotspot/share/classfile/systemDictionary.cpp, line 228]
Event: 1.701 Thread 0x0000024f93ece000 Exception <a 'java/lang/ClassNotFoundException'{0x0000000711254de8}: org/springframework/beans/factory/AwareCustomizer> (0x0000000711254de8) thrown at [./open/src/hotspot/share/classfile/systemDictionary.cpp, line 228]
Event: 1.702 Thread 0x0000024f93ece000 Exception <a 'java/lang/ClassNotFoundException'{0x0000000711267ad8}: org/springframework/context/EnvironmentAwareCustomizer> (0x0000000711267ad8) thrown at [./open/src/hotspot/share/classfile/systemDictionary.cpp, line 228]
Event: 1.702 Thread 0x0000024f93ece000 Exception <a 'java/lang/ClassNotFoundException'{0x000000071127a790}: org/springframework/beans/factory/AwareCustomizer> (0x000000071127a790) thrown at [./open/src/hotspot/share/classfile/systemDictionary.cpp, line 228]
Event: 1.797 Thread 0x0000024f94536800 Exception <a 'java/lang/NoSuchMethodError'{0x0000000710c09b58}: java.lang.invoke.DirectMethodHandle$Holder.invokeSpecial(Ljava/lang/Object;Ljava/lang/Object;)J> (0x0000000710c09b58) thrown at [./open/src/hotspot/share/interpreter/linkResolver.cpp, line 77
Event: 1.799 Thread 0x0000024f94536800 Exception <a 'java/lang/NoSuchMethodError'{0x0000000710c13f08}: java.lang.invoke.DirectMethodHandle$Holder.invokeStatic(Ljava/lang/Object;Ljava/lang/Object;)J> (0x0000000710c13f08) thrown at [./open/src/hotspot/share/interpreter/linkResolver.cpp, line 772
Event: 1.800 Thread 0x0000024f94536800 Exception <a 'java/lang/NoSuchMethodError'{0x0000000710c16d30}: java.lang.invoke.DirectMethodHandle$Holder.invokeStaticInit(Ljava/lang/Object;Ljava/lang/Object;)J> (0x0000000710c16d30) thrown at [./open/src/hotspot/share/interpreter/linkResolver.cpp, line
Event: 1.802 Thread 0x0000024f94536800 Exception <a 'java/lang/NoSuchMethodError'{0x0000000710c231f0}: java.lang.invoke.DirectMethodHandle$Holder.invokeInterface(Ljava/lang/Object;Ljava/lang/Object;)J> (0x0000000710c231f0) thrown at [./open/src/hotspot/share/interpreter/linkResolver.cpp, line 
Event: 1.803 Thread 0x0000024f94536800 Exception <a 'java/lang/IncompatibleClassChangeError'{0x0000000710c25f88}: Found class java.lang.Object, but interface was expected> (0x0000000710c25f88) thrown at [./open/src/hotspot/share/interpreter/linkResolver.cpp, line 838]

Events (10 events):
Event: 1.802 loading class org/springframework/core/type/classreading/SimpleMethodMetadataReadingVisitor$Source
Event: 1.802 loading class org/springframework/core/type/classreading/SimpleMethodMetadataReadingVisitor$Source done
Event: 1.803 loading class org/springframework/core/annotation/MergedAnnotation
Event: 1.803 loading class org/springframework/core/annotation/MergedAnnotation done
Event: 1.803 loading class org/springframework/beans/factory/annotation/Autowire
Event: 1.803 loading class org/springframework/beans/factory/annotation/Autowire done
Event: 1.804 loading class java/lang/Deprecated
Event: 1.804 loading class java/lang/Deprecated done
Event: 1.805 loading class com/fasterxml/jackson/databind/module/SimpleKeyDeserializers
Event: 1.805 loading class com/fasterxml/jackson/databind/module/SimpleKeyDeserializers done


Dynamic libraries:
0x00007ff607ca0000 - 0x00007ff607caf000 	C:\Program Files\Java\jdk-11.0.11\bin\java.exe
0x00007ffa3e7d0000 - 0x00007ffa3e9c5000 	C:\WINDOWS\SYSTEM32\ntdll.dll
0x00007ffa3d400000 - 0x00007ffa3d4be000 	C:\WINDOWS\System32\KERNEL32.DLL
0x00007ffa3c1c0000 - 0x00007ffa3c489000 	C:\WINDOWS\System32\KERNELBASE.dll
0x00007ffa3c680000 - 0x00007ffa3c780000 	C:\WINDOWS\System32\ucrtbase.dll
0x00007ffa34200000 - 0x00007ffa34218000 	C:\Program Files\Java\jdk-11.0.11\bin\jli.dll
0x00007ffa35170000 - 0x00007ffa35185000 	C:\Program Files\Java\jdk-11.0.11\bin\VCRUNTIME140.dll
0x00007ffa3db30000 - 0x00007ffa3dbdc000 	C:\WINDOWS\System32\ADVAPI32.dll
0x00007ffa3da90000 - 0x00007ffa3db2e000 	C:\WINDOWS\System32\msvcrt.dll
0x00007ffa3c820000 - 0x00007ffa3c8bb000 	C:\WINDOWS\System32\sechost.dll
0x00007ffa3de90000 - 0x00007ffa3dfba000 	C:\WINDOWS\System32\RPCRT4.dll
0x00007ffa3cb10000 - 0x00007ffa3ccb1000 	C:\WINDOWS\System32\USER32.dll
0x00007ffa3c190000 - 0x00007ffa3c1b2000 	C:\WINDOWS\System32\win32u.dll
0x00007ffa3de60000 - 0x00007ffa3de8b000 	C:\WINDOWS\System32\GDI32.dll
0x00007ffa3c080000 - 0x00007ffa3c18b000 	C:\WINDOWS\System32\gdi32full.dll
0x00007ffa3c780000 - 0x00007ffa3c81d000 	C:\WINDOWS\System32\msvcp_win.dll
0x00007ffa272a0000 - 0x00007ffa2753a000 	C:\WINDOWS\WinSxS\amd64_microsoft.windows.common-controls_6595b64144ccf1df_6.0.19041.1110_none_60b5254171f9507e\COMCTL32.dll
0x00007ffa2a3c0000 - 0x00007ffa2a3ca000 	C:\WINDOWS\SYSTEM32\VERSION.dll
0x00007ffa3dfc0000 - 0x00007ffa3dff0000 	C:\WINDOWS\System32\IMM32.DLL
0x00007ff9ff660000 - 0x00007ff9ff6fb000 	C:\Program Files\Java\jdk-11.0.11\bin\msvcp140.dll
0x00007ff9edec0000 - 0x00007ff9ee9be000 	C:\Program Files\Java\jdk-11.0.11\bin\server\jvm.dll
0x00007ffa3d4c0000 - 0x00007ffa3d4c8000 	C:\WINDOWS\System32\PSAPI.DLL
0x00007ffa27290000 - 0x00007ffa27299000 	C:\WINDOWS\SYSTEM32\WSOCK32.dll
0x00007ffa28bf0000 - 0x00007ffa28c17000 	C:\WINDOWS\SYSTEM32\WINMM.dll
0x00007ffa3d4d0000 - 0x00007ffa3d53b000 	C:\WINDOWS\System32\WS2_32.dll
0x00007ffa39df0000 - 0x00007ffa39e02000 	C:\WINDOWS\SYSTEM32\kernel.appcore.dll
0x00007ffa35160000 - 0x00007ffa35170000 	C:\Program Files\Java\jdk-11.0.11\bin\verify.dll
0x00007ffa36c60000 - 0x00007ffa36e44000 	C:\WINDOWS\SYSTEM32\DBGHELP.DLL
0x00007ffa26ae0000 - 0x00007ffa26b0c000 	C:\WINDOWS\SYSTEM32\dbgcore.DLL
0x00007ffa3c5f0000 - 0x00007ffa3c673000 	C:\WINDOWS\System32\bcryptPrimitives.dll
0x00007ffa306a0000 - 0x00007ffa306c8000 	C:\Program Files\Java\jdk-11.0.11\bin\java.dll
0x00007ffa341b0000 - 0x00007ffa341ba000 	C:\Program Files\Java\jdk-11.0.11\bin\jimage.dll
0x00007ffa305e0000 - 0x00007ffa305f6000 	C:\Program Files\Java\jdk-11.0.11\bin\zip.dll
0x00007ffa3ccc0000 - 0x00007ffa3d3ff000 	C:\WINDOWS\System32\SHELL32.dll
0x00007ffa39ff0000 - 0x00007ffa3a780000 	C:\WINDOWS\SYSTEM32\windows.storage.dll
0x00007ffa3d6c0000 - 0x00007ffa3da15000 	C:\WINDOWS\System32\combase.dll
0x00007ffa3b940000 - 0x00007ffa3b96c000 	C:\WINDOWS\SYSTEM32\Wldp.dll
0x00007ffa3ca40000 - 0x00007ffa3caee000 	C:\WINDOWS\System32\SHCORE.dll
0x00007ffa3c920000 - 0x00007ffa3c975000 	C:\WINDOWS\System32\shlwapi.dll
0x00007ffa3be30000 - 0x00007ffa3be4f000 	C:\WINDOWS\SYSTEM32\profapi.dll
0x00007ffa304d0000 - 0x00007ffa304e9000 	C:\Program Files\Java\jdk-11.0.11\bin\net.dll
0x00007ffa2d640000 - 0x00007ffa2d748000 	C:\WINDOWS\SYSTEM32\WINHTTP.dll
0x00007ffa3b6a0000 - 0x00007ffa3b70a000 	C:\WINDOWS\system32\mswsock.dll
0x00007ffa30120000 - 0x00007ffa30132000 	C:\Program Files\Java\jdk-11.0.11\bin\nio.dll
0x00007ffa35f50000 - 0x00007ffa35f59000 	C:\Program Files\Java\jdk-11.0.11\bin\management.dll
0x00007ffa33420000 - 0x00007ffa3342b000 	C:\Program Files\Java\jdk-11.0.11\bin\management_ext.dll
0x00007ffa23160000 - 0x00007ffa23177000 	C:\WINDOWS\system32\napinsp.dll
0x00007ffa23140000 - 0x00007ffa2315b000 	C:\WINDOWS\system32\pnrpnsp.dll
0x00007ffa36bd0000 - 0x00007ffa36be5000 	C:\WINDOWS\system32\wshbth.dll
0x00007ffa37760000 - 0x00007ffa3777d000 	C:\WINDOWS\system32\NLAapi.dll
0x00007ffa3b320000 - 0x00007ffa3b35b000 	C:\WINDOWS\SYSTEM32\IPHLPAPI.DLL
0x00007ffa3b360000 - 0x00007ffa3b42c000 	C:\WINDOWS\SYSTEM32\DNSAPI.dll
0x00007ffa3c980000 - 0x00007ffa3c988000 	C:\WINDOWS\System32\NSI.dll
0x00007ffa23120000 - 0x00007ffa23132000 	C:\WINDOWS\System32\winrnr.dll
0x00007ffa34270000 - 0x00007ffa3427a000 	C:\Windows\System32\rasadhlp.dll
0x00007ffa2d000000 - 0x00007ffa2d07f000 	C:\WINDOWS\System32\fwpuclnt.dll
0x00007ffa3bff0000 - 0x00007ffa3c017000 	C:\WINDOWS\System32\bcrypt.dll

dbghelp: loaded successfully - version: 4.0.5 - missing functions: none
symbol engine: initialized successfully - sym options: 0x614 - pdb path: .;C:\Program Files\Java\jdk-11.0.11\bin;C:\WINDOWS\SYSTEM32;C:\WINDOWS\WinSxS\amd64_microsoft.windows.common-controls_6595b64144ccf1df_6.0.19041.1110_none_60b5254171f9507e;C:\Program Files\Java\jdk-11.0.11\bin\server

VM Arguments:
jvm_args: -Dfile.encoding=UTF-8 
java_command: com.douzone.mehago.MehagoApplication
java_class_path (initial): Y:\mehago-develop\target\classes;C:\Users\YUJUN\.m2\repository\org\springframework\boot\spring-boot-starter-web\2.5.3\spring-boot-starter-web-2.5.3.jar;C:\Users\YUJUN\.m2\repository\org\springframework\boot\spring-boot-starter\2.5.3\spring-boot-starter-2.5.3.jar;C:\Users\YUJUN\.m2\repository\org\springframework\boot\spring-boot-starter-logging\2.5.3\spring-boot-starter-logging-2.5.3.jar;C:\Users\YUJUN\.m2\repository\ch\qos\logback\logback-classic\1.2.4\logback-classic-1.2.4.jar;C:\Users\YUJUN\.m2\repository\ch\qos\logback\logback-core\1.2.4\logback-core-1.2.4.jar;C:\Users\YUJUN\.m2\repository\org\apache\logging\log4j\log4j-to-slf4j\2.14.1\log4j-to-slf4j-2.14.1.jar;C:\Users\YUJUN\.m2\repository\org\slf4j\jul-to-slf4j\1.7.32\jul-to-slf4j-1.7.32.jar;C:\Users\YUJUN\.m2\repository\jakarta\annotation\jakarta.annotation-api\1.3.5\jakarta.annotation-api-1.3.5.jar;C:\Users\YUJUN\.m2\repository\org\yaml\snakeyaml\1.28\snakeyaml-1.28.jar;C:\Users\YUJUN\.m2\repository\org\springframework\boot\spring-boot-starter-json\2.5.3\spring-boot-starter-json-2.5.3.jar;C:\Users\YUJUN\.m2\repository\com\fasterxml\jackson\datatype\jackson-datatype-jdk8\2.12.4\jackson-datatype-jdk8-2.12.4.jar;C:\Users\YUJUN\.m2\repository\com\fasterxml\jackson\datatype\jackson-datatype-jsr310\2.12.4\jackson-datatype-jsr310-2.12.4.jar;C:\Users\YUJUN\.m2\repository\com\fasterxml\jackson\module\jackson-module-parameter-names\2.12.4\jackson-module-parameter-names-2.12.4.jar;C:\Users\YUJUN\.m2\repository\org\springframework\boot\spring-boot-starter-tomcat\2.5.3\spring-boot-starter-tomcat-2.5.3.jar;C:\Users\YUJUN\.m2\repository\org\apache\tomcat\embed\tomcat-embed-websocket\9.0.50\tomcat-embed-websocket-9.0.50.jar;C:\Users\YUJUN\.m2\repository\org\springframework\spring-web\5.3.9\spring-web-5.3.9.jar;C:\Users\YUJUN\.m2\repository\org\springframework\spring-beans\5.3.9\spring-beans-5.3.9.jar;C:\Users\YUJUN\.m2\repository\org\springframework\spring-webmvc\5.3.9\spring-webmvc-5.3.9.jar;C:\
Launcher Type: SUN_STANDARD

[Global flags]
     intx CICompilerCount                          = 4                                         {product} {ergonomic}
     uint ConcGCThreads                            = 2                                         {product} {ergonomic}
     uint G1ConcRefinementThreads                  = 8                                         {product} {ergonomic}
   size_t G1HeapRegionSize                         = 1048576                                   {product} {ergonomic}
    uintx GCDrainStackTargetSize                   = 64                                        {product} {ergonomic}
   size_t InitialHeapSize                          = 266338304                                 {product} {ergonomic}
   size_t MarkStackSize                            = 4194304                                   {product} {ergonomic}
   size_t MaxHeapSize                              = 4253024256                                {product} {ergonomic}
   size_t MaxNewSize                               = 2551185408                                {product} {ergonomic}
   size_t MinHeapDeltaBytes                        = 1048576                                   {product} {ergonomic}
    uintx NonNMethodCodeHeapSize                   = 5836300                                {pd product} {ergonomic}
    uintx NonProfiledCodeHeapSize                  = 122910970                              {pd product} {ergonomic}
    uintx ProfiledCodeHeapSize                     = 122910970                              {pd product} {ergonomic}
    uintx ReservedCodeCacheSize                    = 251658240                              {pd product} {ergonomic}
     bool SegmentedCodeCache                       = true                                      {product} {ergonomic}
     bool UseCompressedClassPointers               = true                                 {lp64_product} {ergonomic}
     bool UseCompressedOops                        = true                                 {lp64_product} {ergonomic}
     bool UseG1GC                                  = true                                      {product} {ergonomic}
     bool UseLargePagesIndividualAllocation        = false                                  {pd product} {ergonomic}

Logging:
Log output configuration:
 #0: stdout all=warning uptime,level,tags
 #1: stderr all=off uptime,level,tags

Environment Variables:
JAVA_HOME=C:\Program Files\Java\jdk-11.0.11
JRE_HOME=C:\Program Files\Java\jre1.8.0_171
CLASSPATH=C:\Program Files\Java\jdk-11.0.11\lib\tools.jar
PATH=C:\Program Files\Git\mingw64\bin;C:\Program Files\Git\usr\bin;C:\Users\YUJUN\bin;C:\Program Files\Common Files\Oracle\Java\javapath;C:\ProgramData\DockerDesktop\version-bin;C:\Program Files\Docker\Docker\Resources\bin;C:\app\YUJUN\product\11.2.0\dbhome_1\bin;C:\Program Files (x86)\Common Files\Oracle\Java\javapath;C:\Program Files (x86)\Intel\iCLS Client;C:\Program Files\Intel\iCLS Client;C:\WINDOWS\system32;C:\WINDOWS;C:\WINDOWS\System32\Wbem;C:\WINDOWS\System32\WindowsPowerShell\v1.0;C:\WINDOWS\System32\OpenSSH;C:\Program Files (x86)\Intel\Intel(R) Management Engine Components\DAL;C:\Program Files\Intel\Intel(R) Management Engine Components\DAL;C:\Program Files (x86)\Intel\Intel(R) Management Engine Components\IPT;C:\Program Files\Intel\Intel(R) Management Engine Components\IPT;C:\Program Files\Intel\WiFi\bin;C:\Program Files\Common Files\Intel\WirelessCommon;C:\Program Files\Java\jdk-11.0.11\bin;C:\Program Files\PuTTY;C:\Program Files\MySQL\MySQL Server 5.5\bin;C:\Program Files\Git\cmd;C:\Program Files\Calibre2;C:\Program Files\dotnet;C:\Program Files\nodejs;C:\Users\YUJUN\AppData\Local\Programs\Python\Python37\Scripts;C:\Users\YUJUN\AppData\Local\Programs\Python\Python37;C:\Users\YUJUN\AppData\Local\Microsoft\WindowsApps;C:\Program Files\Intel\WiFi\bin;C:\Program Files\Common Files\Intel\WirelessCommon;C:\Program Files\Bandizip;C:\Users\YUJUN\AppData\Local\Microsoft\WindowsApps;C:\Program Files\JetBrains\PyCharm Community Edition 2020.2.3\bin;C:\Program Files\heroku\bin;C:\Users\YUJUN\AppData\Roaming\npm
USERNAME=YUJUN
OS=Windows_NT
PROCESSOR_IDENTIFIER=Intel64 Family 6 Model 142 Stepping 10, GenuineIntel



---------------  S Y S T E M  ---------------

OS: Windows 10 , 64 bit Build 19041 (10.0.19041.1202)

CPU:total 8 (initial active 8) (4 cores per cpu, 2 threads per core) family 6 model 142 stepping 10 microcode 0xb4, cmov, cx8, fxsr, mmx, sse, sse2, sse3, ssse3, sse4.1, sse4.2, popcnt, avx, avx2, aes, clmul, erms, 3dnowpref, lzcnt, ht, tsc, tscinvbit, bmi1, bmi2, adx, fma

Memory: 4k page, system-wide physical 16217M (4246M free)
TotalPageFile size 16217M (AvailPageFile size 9M)
current process WorkingSet (physical memory assigned to process): 145M, peak: 145M
current process commit charge ("private bytes"): 395M, peak: 395M

vm_info: Java HotSpot(TM) 64-Bit Server VM (11.0.11+9-LTS-194) for windows-amd64 JRE (11.0.11+9-LTS-194), built on Mar 18 2021 18:46:53 by "mach5one" with MS VC++ 15.9 (VS2017)

END.
